{"C:\\Users\\User\\Desktop\\student_support_system\\sum.js": {"path":"C:\\Users\\User\\Desktop\\student_support_system\\sum.js","statementMap":{"0":{"start":{"line":2,"column":4},"end":{"line":2,"column":15}},"1":{"start":{"line":5,"column":0},"end":{"line":5,"column":21}}},"fnMap":{"0":{"name":"sum","decl":{"start":{"line":1,"column":9},"end":{"line":1,"column":12}},"loc":{"start":{"line":1,"column":17},"end":{"line":3,"column":1}},"line":1}},"branchMap":{},"s":{"0":1,"1":1},"f":{"0":1},"b":{},"_coverageSchema":"1a1c01bbd47fc00a2c39e90264f33305004495a9","hash":"4f4113d648e4840624e44643c611a08620a08db8"}
,"C:\\Users\\User\\Desktop\\student_support_system\\server\\Actions.js": {"path":"C:\\Users\\User\\Desktop\\student_support_system\\server\\Actions.js","statementMap":{"0":{"start":{"line":2,"column":18},"end":{"line":2,"column":36}},"1":{"start":{"line":3,"column":15},"end":{"line":3,"column":31}},"2":{"start":{"line":7,"column":2},"end":{"line":13,"column":5}},"3":{"start":{"line":8,"column":24},"end":{"line":8,"column":46}},"4":{"start":{"line":10,"column":6},"end":{"line":12,"column":9}},"5":{"start":{"line":11,"column":8},"end":{"line":11,"column":25}},"6":{"start":{"line":16,"column":2},"end":{"line":21,"column":5}},"7":{"start":{"line":17,"column":23},"end":{"line":17,"column":40}},"8":{"start":{"line":18,"column":6},"end":{"line":20,"column":9}},"9":{"start":{"line":19,"column":8},"end":{"line":19,"column":25}},"10":{"start":{"line":23,"column":2},"end":{"line":23,"column":16}},"11":{"start":{"line":27,"column":0},"end":{"line":27,"column":23}}},"fnMap":{"0":{"name":"Actions","decl":{"start":{"line":1,"column":9},"end":{"line":1,"column":16}},"loc":{"start":{"line":1,"column":26},"end":{"line":24,"column":1}},"line":1},"1":{"name":"(anonymous_1)","decl":{"start":{"line":7,"column":27},"end":{"line":7,"column":28}},"loc":{"start":{"line":7,"column":41},"end":{"line":13,"column":3}},"line":7},"2":{"name":"(anonymous_2)","decl":{"start":{"line":10,"column":36},"end":{"line":10,"column":37}},"loc":{"start":{"line":10,"column":57},"end":{"line":12,"column":7}},"line":10},"3":{"name":"(anonymous_3)","decl":{"start":{"line":16,"column":29},"end":{"line":16,"column":30}},"loc":{"start":{"line":16,"column":43},"end":{"line":21,"column":3}},"line":16},"4":{"name":"(anonymous_4)","decl":{"start":{"line":18,"column":36},"end":{"line":18,"column":37}},"loc":{"start":{"line":18,"column":57},"end":{"line":20,"column":7}},"line":18}},"branchMap":{},"s":{"0":9,"1":9,"2":9,"3":1,"4":1,"5":1,"6":9,"7":1,"8":1,"9":1,"10":9,"11":9},"f":{"0":9,"1":1,"2":1,"3":1,"4":1},"b":{},"_coverageSchema":"1a1c01bbd47fc00a2c39e90264f33305004495a9","hash":"8e57c586410508e897f234966a3f820e261f0e51"}
,"C:\\Users\\User\\Desktop\\student_support_system\\server\\Checklist.js": {"path":"C:\\Users\\User\\Desktop\\student_support_system\\server\\Checklist.js","statementMap":{"0":{"start":{"line":3,"column":18},"end":{"line":3,"column":36}},"1":{"start":{"line":4,"column":15},"end":{"line":4,"column":31}},"2":{"start":{"line":7,"column":2},"end":{"line":11,"column":5}},"3":{"start":{"line":8,"column":6},"end":{"line":10,"column":8}},"4":{"start":{"line":9,"column":8},"end":{"line":9,"column":25}},"5":{"start":{"line":14,"column":2},"end":{"line":25,"column":5}},"6":{"start":{"line":15,"column":4},"end":{"line":24,"column":5}},"7":{"start":{"line":16,"column":6},"end":{"line":16,"column":21}},"8":{"start":{"line":18,"column":25},"end":{"line":18,"column":44}},"9":{"start":{"line":19,"column":27},"end":{"line":19,"column":48}},"10":{"start":{"line":20,"column":31},"end":{"line":20,"column":56}},"11":{"start":{"line":21,"column":6},"end":{"line":23,"column":8}},"12":{"start":{"line":22,"column":8},"end":{"line":22,"column":25}},"13":{"start":{"line":28,"column":2},"end":{"line":38,"column":5}},"14":{"start":{"line":29,"column":4},"end":{"line":37,"column":5}},"15":{"start":{"line":30,"column":6},"end":{"line":30,"column":21}},"16":{"start":{"line":32,"column":25},"end":{"line":32,"column":44}},"17":{"start":{"line":33,"column":27},"end":{"line":33,"column":48}},"18":{"start":{"line":34,"column":6},"end":{"line":36,"column":8}},"19":{"start":{"line":35,"column":8},"end":{"line":35,"column":25}},"20":{"start":{"line":41,"column":2},"end":{"line":45,"column":5}},"21":{"start":{"line":42,"column":4},"end":{"line":44,"column":6}},"22":{"start":{"line":43,"column":6},"end":{"line":43,"column":23}},"23":{"start":{"line":48,"column":2},"end":{"line":57,"column":5}},"24":{"start":{"line":49,"column":4},"end":{"line":56,"column":5}},"25":{"start":{"line":50,"column":6},"end":{"line":50,"column":21}},"26":{"start":{"line":52,"column":25},"end":{"line":52,"column":44}},"27":{"start":{"line":53,"column":6},"end":{"line":55,"column":8}},"28":{"start":{"line":54,"column":8},"end":{"line":54,"column":25}},"29":{"start":{"line":60,"column":2},"end":{"line":73,"column":5}},"30":{"start":{"line":61,"column":4},"end":{"line":72,"column":5}},"31":{"start":{"line":62,"column":6},"end":{"line":62,"column":21}},"32":{"start":{"line":64,"column":27},"end":{"line":64,"column":48}},"33":{"start":{"line":65,"column":25},"end":{"line":65,"column":44}},"34":{"start":{"line":66,"column":27},"end":{"line":66,"column":48}},"35":{"start":{"line":67,"column":31},"end":{"line":67,"column":56}},"36":{"start":{"line":69,"column":6},"end":{"line":71,"column":8}},"37":{"start":{"line":70,"column":8},"end":{"line":70,"column":31}},"38":{"start":{"line":76,"column":2},"end":{"line":87,"column":5}},"39":{"start":{"line":77,"column":4},"end":{"line":86,"column":5}},"40":{"start":{"line":78,"column":6},"end":{"line":78,"column":21}},"41":{"start":{"line":80,"column":27},"end":{"line":80,"column":48}},"42":{"start":{"line":81,"column":25},"end":{"line":81,"column":44}},"43":{"start":{"line":82,"column":27},"end":{"line":82,"column":48}},"44":{"start":{"line":83,"column":6},"end":{"line":85,"column":8}},"45":{"start":{"line":84,"column":8},"end":{"line":84,"column":31}},"46":{"start":{"line":90,"column":2},"end":{"line":94,"column":5}},"47":{"start":{"line":91,"column":4},"end":{"line":93,"column":6}},"48":{"start":{"line":92,"column":6},"end":{"line":92,"column":23}},"49":{"start":{"line":97,"column":2},"end":{"line":109,"column":5}},"50":{"start":{"line":98,"column":4},"end":{"line":108,"column":5}},"51":{"start":{"line":99,"column":6},"end":{"line":99,"column":21}},"52":{"start":{"line":101,"column":22},"end":{"line":101,"column":40}},"53":{"start":{"line":102,"column":20},"end":{"line":102,"column":36}},"54":{"start":{"line":103,"column":22},"end":{"line":103,"column":40}},"55":{"start":{"line":104,"column":20},"end":{"line":104,"column":36}},"56":{"start":{"line":105,"column":6},"end":{"line":107,"column":8}},"57":{"start":{"line":106,"column":8},"end":{"line":106,"column":22}},"58":{"start":{"line":112,"column":2},"end":{"line":121,"column":5}},"59":{"start":{"line":113,"column":4},"end":{"line":120,"column":5}},"60":{"start":{"line":114,"column":6},"end":{"line":114,"column":21}},"61":{"start":{"line":116,"column":22},"end":{"line":116,"column":45}},"62":{"start":{"line":117,"column":6},"end":{"line":119,"column":8}},"63":{"start":{"line":118,"column":8},"end":{"line":118,"column":25}},"64":{"start":{"line":123,"column":2},"end":{"line":123,"column":15}},"65":{"start":{"line":125,"column":0},"end":{"line":125,"column":25}}},"fnMap":{"0":{"name":"Checklist","decl":{"start":{"line":1,"column":9},"end":{"line":1,"column":18}},"loc":{"start":{"line":1,"column":28},"end":{"line":124,"column":1}},"line":1},"1":{"name":"(anonymous_1)","decl":{"start":{"line":7,"column":30},"end":{"line":7,"column":31}},"loc":{"start":{"line":7,"column":44},"end":{"line":11,"column":3}},"line":7},"2":{"name":"(anonymous_2)","decl":{"start":{"line":8,"column":28},"end":{"line":8,"column":29}},"loc":{"start":{"line":8,"column":49},"end":{"line":10,"column":7}},"line":8},"3":{"name":"(anonymous_3)","decl":{"start":{"line":14,"column":39},"end":{"line":14,"column":40}},"loc":{"start":{"line":14,"column":53},"end":{"line":25,"column":3}},"line":14},"4":{"name":"(anonymous_4)","decl":{"start":{"line":21,"column":79},"end":{"line":21,"column":80}},"loc":{"start":{"line":21,"column":100},"end":{"line":23,"column":7}},"line":21},"5":{"name":"(anonymous_5)","decl":{"start":{"line":28,"column":40},"end":{"line":28,"column":41}},"loc":{"start":{"line":28,"column":54},"end":{"line":38,"column":3}},"line":28},"6":{"name":"(anonymous_6)","decl":{"start":{"line":34,"column":62},"end":{"line":34,"column":63}},"loc":{"start":{"line":34,"column":83},"end":{"line":36,"column":7}},"line":34},"7":{"name":"(anonymous_7)","decl":{"start":{"line":41,"column":28},"end":{"line":41,"column":29}},"loc":{"start":{"line":41,"column":42},"end":{"line":45,"column":3}},"line":41},"8":{"name":"(anonymous_8)","decl":{"start":{"line":42,"column":24},"end":{"line":42,"column":25}},"loc":{"start":{"line":42,"column":45},"end":{"line":44,"column":5}},"line":42},"9":{"name":"(anonymous_9)","decl":{"start":{"line":48,"column":31},"end":{"line":48,"column":32}},"loc":{"start":{"line":48,"column":45},"end":{"line":57,"column":3}},"line":48},"10":{"name":"(anonymous_10)","decl":{"start":{"line":53,"column":39},"end":{"line":53,"column":40}},"loc":{"start":{"line":53,"column":60},"end":{"line":55,"column":7}},"line":53},"11":{"name":"(anonymous_11)","decl":{"start":{"line":60,"column":42},"end":{"line":60,"column":43}},"loc":{"start":{"line":60,"column":56},"end":{"line":73,"column":3}},"line":60},"12":{"name":"(anonymous_12)","decl":{"start":{"line":69,"column":97},"end":{"line":69,"column":98}},"loc":{"start":{"line":69,"column":118},"end":{"line":71,"column":7}},"line":69},"13":{"name":"(anonymous_13)","decl":{"start":{"line":76,"column":42},"end":{"line":76,"column":43}},"loc":{"start":{"line":76,"column":56},"end":{"line":87,"column":3}},"line":76},"14":{"name":"(anonymous_14)","decl":{"start":{"line":83,"column":79},"end":{"line":83,"column":80}},"loc":{"start":{"line":83,"column":100},"end":{"line":85,"column":7}},"line":83},"15":{"name":"(anonymous_15)","decl":{"start":{"line":90,"column":33},"end":{"line":90,"column":34}},"loc":{"start":{"line":90,"column":47},"end":{"line":94,"column":3}},"line":90},"16":{"name":"(anonymous_16)","decl":{"start":{"line":91,"column":30},"end":{"line":91,"column":31}},"loc":{"start":{"line":91,"column":51},"end":{"line":93,"column":5}},"line":91},"17":{"name":"(anonymous_17)","decl":{"start":{"line":97,"column":42},"end":{"line":97,"column":43}},"loc":{"start":{"line":97,"column":54},"end":{"line":109,"column":3}},"line":97},"18":{"name":"(anonymous_18)","decl":{"start":{"line":105,"column":78},"end":{"line":105,"column":79}},"loc":{"start":{"line":105,"column":99},"end":{"line":107,"column":7}},"line":105},"19":{"name":"(anonymous_19)","decl":{"start":{"line":112,"column":37},"end":{"line":112,"column":38}},"loc":{"start":{"line":112,"column":48},"end":{"line":121,"column":3}},"line":112},"20":{"name":"(anonymous_20)","decl":{"start":{"line":117,"column":46},"end":{"line":117,"column":47}},"loc":{"start":{"line":117,"column":67},"end":{"line":119,"column":7}},"line":117}},"branchMap":{"0":{"loc":{"start":{"line":15,"column":4},"end":{"line":24,"column":5}},"type":"if","locations":[{"start":{"line":15,"column":4},"end":{"line":24,"column":5}},{"start":{"line":17,"column":9},"end":{"line":24,"column":5}}],"line":15},"1":{"loc":{"start":{"line":29,"column":4},"end":{"line":37,"column":5}},"type":"if","locations":[{"start":{"line":29,"column":4},"end":{"line":37,"column":5}},{"start":{"line":31,"column":9},"end":{"line":37,"column":5}}],"line":29},"2":{"loc":{"start":{"line":49,"column":4},"end":{"line":56,"column":5}},"type":"if","locations":[{"start":{"line":49,"column":4},"end":{"line":56,"column":5}},{"start":{"line":51,"column":9},"end":{"line":56,"column":5}}],"line":49},"3":{"loc":{"start":{"line":61,"column":4},"end":{"line":72,"column":5}},"type":"if","locations":[{"start":{"line":61,"column":4},"end":{"line":72,"column":5}},{"start":{"line":63,"column":9},"end":{"line":72,"column":5}}],"line":61},"4":{"loc":{"start":{"line":77,"column":4},"end":{"line":86,"column":5}},"type":"if","locations":[{"start":{"line":77,"column":4},"end":{"line":86,"column":5}},{"start":{"line":79,"column":9},"end":{"line":86,"column":5}}],"line":77},"5":{"loc":{"start":{"line":98,"column":4},"end":{"line":108,"column":5}},"type":"if","locations":[{"start":{"line":98,"column":4},"end":{"line":108,"column":5}},{"start":{"line":100,"column":9},"end":{"line":108,"column":5}}],"line":98},"6":{"loc":{"start":{"line":113,"column":4},"end":{"line":120,"column":5}},"type":"if","locations":[{"start":{"line":113,"column":4},"end":{"line":120,"column":5}},{"start":{"line":115,"column":9},"end":{"line":120,"column":5}}],"line":113}},"s":{"0":9,"1":9,"2":9,"3":1,"4":1,"5":9,"6":2,"7":1,"8":1,"9":1,"10":1,"11":1,"12":1,"13":9,"14":2,"15":1,"16":1,"17":1,"18":1,"19":1,"20":9,"21":1,"22":1,"23":9,"24":2,"25":1,"26":1,"27":1,"28":1,"29":9,"30":2,"31":1,"32":1,"33":1,"34":1,"35":1,"36":1,"37":1,"38":9,"39":2,"40":1,"41":1,"42":1,"43":1,"44":1,"45":1,"46":9,"47":1,"48":1,"49":9,"50":2,"51":1,"52":1,"53":1,"54":1,"55":1,"56":1,"57":1,"58":9,"59":2,"60":1,"61":1,"62":1,"63":1,"64":9,"65":9},"f":{"0":9,"1":1,"2":1,"3":2,"4":1,"5":2,"6":1,"7":1,"8":1,"9":2,"10":1,"11":2,"12":1,"13":2,"14":1,"15":1,"16":1,"17":2,"18":1,"19":2,"20":1},"b":{"0":[1,1],"1":[1,1],"2":[1,1],"3":[1,1],"4":[1,1],"5":[1,1],"6":[1,1]},"_coverageSchema":"1a1c01bbd47fc00a2c39e90264f33305004495a9","hash":"ed4e3344e4744aeb65f223917a8393a4e0412cf1"}
,"C:\\Users\\User\\Desktop\\student_support_system\\server\\Investigation.js": {"path":"C:\\Users\\User\\Desktop\\student_support_system\\server\\Investigation.js","statementMap":{"0":{"start":{"line":2,"column":18},"end":{"line":2,"column":36}},"1":{"start":{"line":3,"column":15},"end":{"line":3,"column":31}},"2":{"start":{"line":4,"column":17},"end":{"line":4,"column":34}},"3":{"start":{"line":5,"column":28},"end":{"line":5,"column":66}},"4":{"start":{"line":6,"column":13},"end":{"line":6,"column":26}},"5":{"start":{"line":7,"column":21},"end":{"line":7,"column":42}},"6":{"start":{"line":11,"column":22},"end":{"line":20,"column":4}},"7":{"start":{"line":24,"column":4},"end":{"line":31,"column":40}},"8":{"start":{"line":25,"column":6},"end":{"line":31,"column":37}},"9":{"start":{"line":26,"column":8},"end":{"line":29,"column":9}},"10":{"start":{"line":27,"column":10},"end":{"line":27,"column":30}},"11":{"start":{"line":28,"column":10},"end":{"line":28,"column":16}},"12":{"start":{"line":31,"column":8},"end":{"line":31,"column":36}},"13":{"start":{"line":35,"column":2},"end":{"line":45,"column":5}},"14":{"start":{"line":36,"column":4},"end":{"line":44,"column":5}},"15":{"start":{"line":37,"column":6},"end":{"line":37,"column":21}},"16":{"start":{"line":39,"column":17},"end":{"line":39,"column":39}},"17":{"start":{"line":40,"column":27},"end":{"line":40,"column":57}},"18":{"start":{"line":41,"column":22},"end":{"line":41,"column":58}},"19":{"start":{"line":42,"column":19},"end":{"line":42,"column":46}},"20":{"start":{"line":43,"column":6},"end":{"line":43,"column":23}},"21":{"start":{"line":49,"column":2},"end":{"line":72,"column":5}},"22":{"start":{"line":50,"column":4},"end":{"line":70,"column":5}},"23":{"start":{"line":51,"column":6},"end":{"line":51,"column":21}},"24":{"start":{"line":53,"column":17},"end":{"line":53,"column":32}},"25":{"start":{"line":54,"column":16},"end":{"line":54,"column":30}},"26":{"start":{"line":55,"column":27},"end":{"line":55,"column":57}},"27":{"start":{"line":56,"column":22},"end":{"line":56,"column":96}},"28":{"start":{"line":57,"column":21},"end":{"line":57,"column":61}},"29":{"start":{"line":65,"column":6},"end":{"line":69,"column":11}},"30":{"start":{"line":66,"column":10},"end":{"line":66,"column":32}},"31":{"start":{"line":67,"column":10},"end":{"line":67,"column":27}},"32":{"start":{"line":68,"column":10},"end":{"line":68,"column":25}},"33":{"start":{"line":76,"column":2},"end":{"line":81,"column":5}},"34":{"start":{"line":77,"column":23},"end":{"line":77,"column":44}},"35":{"start":{"line":78,"column":6},"end":{"line":80,"column":8}},"36":{"start":{"line":79,"column":8},"end":{"line":79,"column":24}},"37":{"start":{"line":84,"column":2},"end":{"line":89,"column":5}},"38":{"start":{"line":85,"column":24},"end":{"line":85,"column":46}},"39":{"start":{"line":86,"column":6},"end":{"line":88,"column":8}},"40":{"start":{"line":87,"column":8},"end":{"line":87,"column":24}},"41":{"start":{"line":92,"column":2},"end":{"line":97,"column":5}},"42":{"start":{"line":93,"column":21},"end":{"line":93,"column":40}},"43":{"start":{"line":94,"column":6},"end":{"line":96,"column":8}},"44":{"start":{"line":95,"column":8},"end":{"line":95,"column":24}},"45":{"start":{"line":100,"column":2},"end":{"line":112,"column":5}},"46":{"start":{"line":101,"column":4},"end":{"line":111,"column":5}},"47":{"start":{"line":102,"column":6},"end":{"line":102,"column":21}},"48":{"start":{"line":104,"column":21},"end":{"line":104,"column":36}},"49":{"start":{"line":105,"column":23},"end":{"line":105,"column":40}},"50":{"start":{"line":106,"column":23},"end":{"line":106,"column":40}},"51":{"start":{"line":107,"column":24},"end":{"line":107,"column":42}},"52":{"start":{"line":108,"column":6},"end":{"line":110,"column":8}},"53":{"start":{"line":109,"column":8},"end":{"line":109,"column":24}},"54":{"start":{"line":115,"column":2},"end":{"line":125,"column":5}},"55":{"start":{"line":116,"column":4},"end":{"line":124,"column":5}},"56":{"start":{"line":117,"column":6},"end":{"line":117,"column":21}},"57":{"start":{"line":119,"column":24},"end":{"line":119,"column":42}},"58":{"start":{"line":120,"column":29},"end":{"line":120,"column":52}},"59":{"start":{"line":121,"column":6},"end":{"line":123,"column":8}},"60":{"start":{"line":122,"column":8},"end":{"line":122,"column":24}},"61":{"start":{"line":128,"column":2},"end":{"line":151,"column":5}},"62":{"start":{"line":129,"column":4},"end":{"line":150,"column":5}},"63":{"start":{"line":130,"column":6},"end":{"line":130,"column":21}},"64":{"start":{"line":132,"column":20},"end":{"line":132,"column":34}},"65":{"start":{"line":134,"column":6},"end":{"line":148,"column":8}},"66":{"start":{"line":135,"column":26},"end":{"line":140,"column":9}},"67":{"start":{"line":141,"column":10},"end":{"line":147,"column":13}},"68":{"start":{"line":142,"column":12},"end":{"line":146,"column":13}},"69":{"start":{"line":143,"column":14},"end":{"line":143,"column":27}},"70":{"start":{"line":145,"column":14},"end":{"line":145,"column":30}},"71":{"start":{"line":154,"column":2},"end":{"line":216,"column":5}},"72":{"start":{"line":155,"column":4},"end":{"line":215,"column":5}},"73":{"start":{"line":156,"column":6},"end":{"line":156,"column":21}},"74":{"start":{"line":158,"column":19},"end":{"line":158,"column":36}},"75":{"start":{"line":159,"column":19},"end":{"line":159,"column":36}},"76":{"start":{"line":160,"column":20},"end":{"line":160,"column":34}},"77":{"start":{"line":196,"column":6},"end":{"line":214,"column":8}},"78":{"start":{"line":197,"column":28},"end":{"line":206,"column":11}},"79":{"start":{"line":207,"column":10},"end":{"line":213,"column":12}},"80":{"start":{"line":208,"column":12},"end":{"line":212,"column":13}},"81":{"start":{"line":209,"column":14},"end":{"line":209,"column":27}},"82":{"start":{"line":211,"column":14},"end":{"line":211,"column":30}},"83":{"start":{"line":219,"column":2},"end":{"line":230,"column":5}},"84":{"start":{"line":221,"column":23},"end":{"line":221,"column":41}},"85":{"start":{"line":222,"column":6},"end":{"line":222,"column":28}},"86":{"start":{"line":226,"column":6},"end":{"line":229,"column":9}},"87":{"start":{"line":227,"column":8},"end":{"line":227,"column":25}},"88":{"start":{"line":228,"column":8},"end":{"line":228,"column":31}},"89":{"start":{"line":233,"column":2},"end":{"line":262,"column":5}},"90":{"start":{"line":234,"column":4},"end":{"line":261,"column":5}},"91":{"start":{"line":235,"column":6},"end":{"line":235,"column":21}},"92":{"start":{"line":237,"column":23},"end":{"line":237,"column":41}},"93":{"start":{"line":238,"column":21},"end":{"line":238,"column":36}},"94":{"start":{"line":239,"column":20},"end":{"line":239,"column":34}},"95":{"start":{"line":241,"column":6},"end":{"line":260,"column":9}},"96":{"start":{"line":243,"column":24},"end":{"line":252,"column":7}},"97":{"start":{"line":253,"column":8},"end":{"line":259,"column":10}},"98":{"start":{"line":254,"column":10},"end":{"line":258,"column":11}},"99":{"start":{"line":255,"column":12},"end":{"line":255,"column":25}},"100":{"start":{"line":257,"column":12},"end":{"line":257,"column":28}},"101":{"start":{"line":265,"column":2},"end":{"line":269,"column":5}},"102":{"start":{"line":266,"column":4},"end":{"line":268,"column":6}},"103":{"start":{"line":267,"column":6},"end":{"line":267,"column":23}},"104":{"start":{"line":272,"column":2},"end":{"line":285,"column":4}},"105":{"start":{"line":273,"column":4},"end":{"line":283,"column":5}},"106":{"start":{"line":274,"column":6},"end":{"line":274,"column":21}},"107":{"start":{"line":277,"column":21},"end":{"line":277,"column":36}},"108":{"start":{"line":278,"column":23},"end":{"line":278,"column":40}},"109":{"start":{"line":280,"column":6},"end":{"line":282,"column":8}},"110":{"start":{"line":281,"column":8},"end":{"line":281,"column":25}},"111":{"start":{"line":288,"column":2},"end":{"line":301,"column":4}},"112":{"start":{"line":289,"column":4},"end":{"line":300,"column":5}},"113":{"start":{"line":290,"column":6},"end":{"line":290,"column":21}},"114":{"start":{"line":293,"column":18},"end":{"line":293,"column":32}},"115":{"start":{"line":294,"column":17},"end":{"line":294,"column":30}},"116":{"start":{"line":295,"column":22},"end":{"line":295,"column":40}},"117":{"start":{"line":297,"column":8},"end":{"line":299,"column":10}},"118":{"start":{"line":298,"column":10},"end":{"line":298,"column":30}},"119":{"start":{"line":303,"column":2},"end":{"line":315,"column":4}},"120":{"start":{"line":304,"column":4},"end":{"line":314,"column":5}},"121":{"start":{"line":305,"column":6},"end":{"line":305,"column":21}},"122":{"start":{"line":308,"column":24},"end":{"line":308,"column":42}},"123":{"start":{"line":309,"column":8},"end":{"line":309,"column":31}},"124":{"start":{"line":310,"column":8},"end":{"line":313,"column":10}},"125":{"start":{"line":312,"column":10},"end":{"line":312,"column":27}},"126":{"start":{"line":317,"column":2},"end":{"line":328,"column":4}},"127":{"start":{"line":318,"column":4},"end":{"line":327,"column":5}},"128":{"start":{"line":319,"column":6},"end":{"line":319,"column":21}},"129":{"start":{"line":322,"column":18},"end":{"line":322,"column":32}},"130":{"start":{"line":323,"column":22},"end":{"line":323,"column":40}},"131":{"start":{"line":324,"column":6},"end":{"line":326,"column":8}},"132":{"start":{"line":325,"column":8},"end":{"line":325,"column":28}},"133":{"start":{"line":330,"column":2},"end":{"line":330,"column":16}},"134":{"start":{"line":333,"column":0},"end":{"line":333,"column":29}}},"fnMap":{"0":{"name":"investigation","decl":{"start":{"line":1,"column":9},"end":{"line":1,"column":22}},"loc":{"start":{"line":1,"column":32},"end":{"line":331,"column":1}},"line":1},"1":{"name":"sendMail","decl":{"start":{"line":23,"column":11},"end":{"line":23,"column":19}},"loc":{"start":{"line":23,"column":42},"end":{"line":32,"column":3}},"line":23},"2":{"name":"(anonymous_2)","decl":{"start":{"line":24,"column":38},"end":{"line":24,"column":39}},"loc":{"start":{"line":24,"column":62},"end":{"line":31,"column":38}},"line":24},"3":{"name":"(anonymous_3)","decl":{"start":{"line":35,"column":28},"end":{"line":35,"column":29}},"loc":{"start":{"line":35,"column":48},"end":{"line":45,"column":3}},"line":35},"4":{"name":"(anonymous_4)","decl":{"start":{"line":49,"column":33},"end":{"line":49,"column":34}},"loc":{"start":{"line":49,"column":53},"end":{"line":72,"column":3}},"line":49},"5":{"name":"(anonymous_5)","decl":{"start":{"line":65,"column":53},"end":{"line":65,"column":54}},"loc":{"start":{"line":65,"column":88},"end":{"line":69,"column":9}},"line":65},"6":{"name":"(anonymous_6)","decl":{"start":{"line":76,"column":31},"end":{"line":76,"column":32}},"loc":{"start":{"line":76,"column":45},"end":{"line":81,"column":3}},"line":76},"7":{"name":"(anonymous_7)","decl":{"start":{"line":78,"column":39},"end":{"line":78,"column":40}},"loc":{"start":{"line":78,"column":60},"end":{"line":80,"column":7}},"line":78},"8":{"name":"(anonymous_8)","decl":{"start":{"line":84,"column":27},"end":{"line":84,"column":28}},"loc":{"start":{"line":84,"column":41},"end":{"line":89,"column":3}},"line":84},"9":{"name":"(anonymous_9)","decl":{"start":{"line":86,"column":36},"end":{"line":86,"column":37}},"loc":{"start":{"line":86,"column":57},"end":{"line":88,"column":7}},"line":86},"10":{"name":"(anonymous_10)","decl":{"start":{"line":92,"column":32},"end":{"line":92,"column":33}},"loc":{"start":{"line":92,"column":46},"end":{"line":97,"column":3}},"line":92},"11":{"name":"(anonymous_11)","decl":{"start":{"line":94,"column":38},"end":{"line":94,"column":39}},"loc":{"start":{"line":94,"column":59},"end":{"line":96,"column":7}},"line":94},"12":{"name":"(anonymous_12)","decl":{"start":{"line":100,"column":27},"end":{"line":100,"column":28}},"loc":{"start":{"line":100,"column":41},"end":{"line":112,"column":3}},"line":100},"13":{"name":"(anonymous_13)","decl":{"start":{"line":108,"column":63},"end":{"line":108,"column":64}},"loc":{"start":{"line":108,"column":84},"end":{"line":110,"column":7}},"line":108},"14":{"name":"(anonymous_14)","decl":{"start":{"line":115,"column":27},"end":{"line":115,"column":28}},"loc":{"start":{"line":115,"column":41},"end":{"line":125,"column":3}},"line":115},"15":{"name":"(anonymous_15)","decl":{"start":{"line":121,"column":50},"end":{"line":121,"column":51}},"loc":{"start":{"line":121,"column":71},"end":{"line":123,"column":7}},"line":121},"16":{"name":"(anonymous_16)","decl":{"start":{"line":128,"column":27},"end":{"line":128,"column":28}},"loc":{"start":{"line":128,"column":41},"end":{"line":151,"column":3}},"line":128},"17":{"name":"(anonymous_17)","decl":{"start":{"line":134,"column":31},"end":{"line":134,"column":32}},"loc":{"start":{"line":134,"column":52},"end":{"line":148,"column":7}},"line":134},"18":{"name":"(anonymous_18)","decl":{"start":{"line":141,"column":32},"end":{"line":141,"column":33}},"loc":{"start":{"line":141,"column":53},"end":{"line":147,"column":11}},"line":141},"19":{"name":"(anonymous_19)","decl":{"start":{"line":154,"column":32},"end":{"line":154,"column":33}},"loc":{"start":{"line":154,"column":46},"end":{"line":216,"column":3}},"line":154},"20":{"name":"(anonymous_20)","decl":{"start":{"line":196,"column":31},"end":{"line":196,"column":32}},"loc":{"start":{"line":196,"column":52},"end":{"line":214,"column":7}},"line":196},"21":{"name":"(anonymous_21)","decl":{"start":{"line":207,"column":33},"end":{"line":207,"column":34}},"loc":{"start":{"line":207,"column":54},"end":{"line":213,"column":11}},"line":207},"22":{"name":"(anonymous_22)","decl":{"start":{"line":219,"column":67},"end":{"line":219,"column":68}},"loc":{"start":{"line":219,"column":81},"end":{"line":230,"column":3}},"line":219},"23":{"name":"(anonymous_23)","decl":{"start":{"line":226,"column":41},"end":{"line":226,"column":42}},"loc":{"start":{"line":226,"column":56},"end":{"line":229,"column":7}},"line":226},"24":{"name":"(anonymous_24)","decl":{"start":{"line":233,"column":34},"end":{"line":233,"column":35}},"loc":{"start":{"line":233,"column":48},"end":{"line":262,"column":3}},"line":233},"25":{"name":"(anonymous_25)","decl":{"start":{"line":241,"column":31},"end":{"line":241,"column":32}},"loc":{"start":{"line":241,"column":52},"end":{"line":260,"column":7}},"line":241},"26":{"name":"(anonymous_26)","decl":{"start":{"line":253,"column":31},"end":{"line":253,"column":32}},"loc":{"start":{"line":253,"column":52},"end":{"line":259,"column":9}},"line":253},"27":{"name":"(anonymous_27)","decl":{"start":{"line":265,"column":32},"end":{"line":265,"column":33}},"loc":{"start":{"line":265,"column":46},"end":{"line":269,"column":3}},"line":265},"28":{"name":"(anonymous_28)","decl":{"start":{"line":266,"column":29},"end":{"line":266,"column":30}},"loc":{"start":{"line":266,"column":50},"end":{"line":268,"column":5}},"line":266},"29":{"name":"(anonymous_29)","decl":{"start":{"line":272,"column":26},"end":{"line":272,"column":27}},"loc":{"start":{"line":272,"column":38},"end":{"line":285,"column":3}},"line":272},"30":{"name":"(anonymous_30)","decl":{"start":{"line":280,"column":41},"end":{"line":280,"column":42}},"loc":{"start":{"line":280,"column":62},"end":{"line":282,"column":7}},"line":280},"31":{"name":"(anonymous_31)","decl":{"start":{"line":288,"column":28},"end":{"line":288,"column":29}},"loc":{"start":{"line":288,"column":42},"end":{"line":301,"column":3}},"line":288},"32":{"name":"(anonymous_32)","decl":{"start":{"line":297,"column":51},"end":{"line":297,"column":52}},"loc":{"start":{"line":297,"column":72},"end":{"line":299,"column":9}},"line":297},"33":{"name":"(anonymous_33)","decl":{"start":{"line":303,"column":28},"end":{"line":303,"column":29}},"loc":{"start":{"line":303,"column":39},"end":{"line":315,"column":3}},"line":303},"34":{"name":"(anonymous_34)","decl":{"start":{"line":310,"column":38},"end":{"line":310,"column":39}},"loc":{"start":{"line":310,"column":60},"end":{"line":313,"column":9}},"line":310},"35":{"name":"(anonymous_35)","decl":{"start":{"line":317,"column":31},"end":{"line":317,"column":32}},"loc":{"start":{"line":317,"column":43},"end":{"line":328,"column":3}},"line":317},"36":{"name":"(anonymous_36)","decl":{"start":{"line":324,"column":46},"end":{"line":324,"column":47}},"loc":{"start":{"line":324,"column":67},"end":{"line":326,"column":7}},"line":324}},"branchMap":{"0":{"loc":{"start":{"line":25,"column":6},"end":{"line":31,"column":37}},"type":"if","locations":[{"start":{"line":25,"column":6},"end":{"line":31,"column":37}},{"start":{},"end":{}}],"line":25},"1":{"loc":{"start":{"line":26,"column":8},"end":{"line":29,"column":9}},"type":"if","locations":[{"start":{"line":26,"column":8},"end":{"line":29,"column":9}},{"start":{},"end":{}}],"line":26},"2":{"loc":{"start":{"line":36,"column":4},"end":{"line":44,"column":5}},"type":"if","locations":[{"start":{"line":36,"column":4},"end":{"line":44,"column":5}},{"start":{"line":38,"column":9},"end":{"line":44,"column":5}}],"line":36},"3":{"loc":{"start":{"line":50,"column":4},"end":{"line":70,"column":5}},"type":"if","locations":[{"start":{"line":50,"column":4},"end":{"line":70,"column":5}},{"start":{"line":52,"column":9},"end":{"line":70,"column":5}}],"line":50},"4":{"loc":{"start":{"line":101,"column":4},"end":{"line":111,"column":5}},"type":"if","locations":[{"start":{"line":101,"column":4},"end":{"line":111,"column":5}},{"start":{"line":103,"column":9},"end":{"line":111,"column":5}}],"line":101},"5":{"loc":{"start":{"line":116,"column":4},"end":{"line":124,"column":5}},"type":"if","locations":[{"start":{"line":116,"column":4},"end":{"line":124,"column":5}},{"start":{"line":118,"column":9},"end":{"line":124,"column":5}}],"line":116},"6":{"loc":{"start":{"line":129,"column":4},"end":{"line":150,"column":5}},"type":"if","locations":[{"start":{"line":129,"column":4},"end":{"line":150,"column":5}},{"start":{"line":131,"column":9},"end":{"line":150,"column":5}}],"line":129},"7":{"loc":{"start":{"line":142,"column":12},"end":{"line":146,"column":13}},"type":"if","locations":[{"start":{"line":142,"column":12},"end":{"line":146,"column":13}},{"start":{"line":144,"column":17},"end":{"line":146,"column":13}}],"line":142},"8":{"loc":{"start":{"line":155,"column":4},"end":{"line":215,"column":5}},"type":"if","locations":[{"start":{"line":155,"column":4},"end":{"line":215,"column":5}},{"start":{"line":157,"column":9},"end":{"line":215,"column":5}}],"line":155},"9":{"loc":{"start":{"line":208,"column":12},"end":{"line":212,"column":13}},"type":"if","locations":[{"start":{"line":208,"column":12},"end":{"line":212,"column":13}},{"start":{"line":210,"column":17},"end":{"line":212,"column":13}}],"line":208},"10":{"loc":{"start":{"line":234,"column":4},"end":{"line":261,"column":5}},"type":"if","locations":[{"start":{"line":234,"column":4},"end":{"line":261,"column":5}},{"start":{"line":236,"column":9},"end":{"line":261,"column":5}}],"line":234},"11":{"loc":{"start":{"line":254,"column":10},"end":{"line":258,"column":11}},"type":"if","locations":[{"start":{"line":254,"column":10},"end":{"line":258,"column":11}},{"start":{"line":256,"column":15},"end":{"line":258,"column":11}}],"line":254},"12":{"loc":{"start":{"line":273,"column":4},"end":{"line":283,"column":5}},"type":"if","locations":[{"start":{"line":273,"column":4},"end":{"line":283,"column":5}},{"start":{"line":276,"column":8},"end":{"line":283,"column":5}}],"line":273},"13":{"loc":{"start":{"line":289,"column":4},"end":{"line":300,"column":5}},"type":"if","locations":[{"start":{"line":289,"column":4},"end":{"line":300,"column":5}},{"start":{"line":292,"column":8},"end":{"line":300,"column":5}}],"line":289},"14":{"loc":{"start":{"line":304,"column":4},"end":{"line":314,"column":5}},"type":"if","locations":[{"start":{"line":304,"column":4},"end":{"line":314,"column":5}},{"start":{"line":307,"column":8},"end":{"line":314,"column":5}}],"line":304},"15":{"loc":{"start":{"line":318,"column":4},"end":{"line":327,"column":5}},"type":"if","locations":[{"start":{"line":318,"column":4},"end":{"line":327,"column":5}},{"start":{"line":321,"column":8},"end":{"line":327,"column":5}}],"line":318}},"s":{"0":9,"1":9,"2":9,"3":9,"4":9,"5":9,"6":9,"7":4,"8":4,"9":4,"10":4,"11":4,"12":0,"13":9,"14":2,"15":1,"16":1,"17":1,"18":1,"19":1,"20":1,"21":9,"22":2,"23":1,"24":1,"25":1,"26":1,"27":1,"28":1,"29":1,"30":1,"31":1,"32":1,"33":9,"34":1,"35":1,"36":1,"37":9,"38":1,"39":1,"40":1,"41":9,"42":1,"43":1,"44":1,"45":9,"46":2,"47":1,"48":1,"49":1,"50":1,"51":1,"52":1,"53":1,"54":9,"55":2,"56":1,"57":1,"58":1,"59":1,"60":1,"61":9,"62":2,"63":1,"64":1,"65":1,"66":1,"67":1,"68":1,"69":0,"70":1,"71":9,"72":4,"73":2,"74":2,"75":2,"76":2,"77":2,"78":2,"79":2,"80":2,"81":0,"82":2,"83":9,"84":1,"85":1,"86":1,"87":1,"88":1,"89":9,"90":2,"91":1,"92":1,"93":1,"94":1,"95":1,"96":1,"97":1,"98":1,"99":0,"100":1,"101":9,"102":1,"103":1,"104":9,"105":2,"106":1,"107":1,"108":1,"109":1,"110":1,"111":9,"112":2,"113":1,"114":1,"115":1,"116":1,"117":1,"118":1,"119":9,"120":2,"121":1,"122":1,"123":1,"124":1,"125":1,"126":9,"127":2,"128":1,"129":1,"130":1,"131":1,"132":1,"133":9,"134":9},"f":{"0":9,"1":4,"2":4,"3":2,"4":2,"5":1,"6":1,"7":1,"8":1,"9":1,"10":1,"11":1,"12":2,"13":1,"14":2,"15":1,"16":2,"17":1,"18":1,"19":4,"20":2,"21":2,"22":1,"23":1,"24":2,"25":1,"26":1,"27":1,"28":1,"29":2,"30":1,"31":2,"32":1,"33":2,"34":1,"35":2,"36":1},"b":{"0":[4,0],"1":[4,0],"2":[1,1],"3":[1,1],"4":[1,1],"5":[1,1],"6":[1,1],"7":[0,1],"8":[2,2],"9":[0,2],"10":[1,1],"11":[0,1],"12":[1,1],"13":[1,1],"14":[1,1],"15":[1,1]},"_coverageSchema":"1a1c01bbd47fc00a2c39e90264f33305004495a9","hash":"b0b6e4f6355c372861139bb7790ded3177f1f169"}
,"C:\\Users\\User\\Desktop\\student_support_system\\server\\Pledges.js": {"path":"C:\\Users\\User\\Desktop\\student_support_system\\server\\Pledges.js","statementMap":{"0":{"start":{"line":2,"column":18},"end":{"line":2,"column":36}},"1":{"start":{"line":3,"column":15},"end":{"line":3,"column":31}},"2":{"start":{"line":4,"column":17},"end":{"line":4,"column":34}},"3":{"start":{"line":5,"column":29},"end":{"line":5,"column":80}},"4":{"start":{"line":6,"column":13},"end":{"line":6,"column":26}},"5":{"start":{"line":9,"column":2},"end":{"line":13,"column":5}},"6":{"start":{"line":10,"column":4},"end":{"line":12,"column":6}},"7":{"start":{"line":11,"column":6},"end":{"line":11,"column":23}},"8":{"start":{"line":16,"column":2},"end":{"line":31,"column":5}},"9":{"start":{"line":17,"column":17},"end":{"line":17,"column":32}},"10":{"start":{"line":18,"column":6},"end":{"line":30,"column":8}},"11":{"start":{"line":20,"column":25},"end":{"line":20,"column":46}},"12":{"start":{"line":22,"column":8},"end":{"line":29,"column":11}},"13":{"start":{"line":23,"column":10},"end":{"line":28,"column":11}},"14":{"start":{"line":24,"column":12},"end":{"line":24,"column":27}},"15":{"start":{"line":26,"column":12},"end":{"line":26,"column":47}},"16":{"start":{"line":27,"column":12},"end":{"line":27,"column":27}},"17":{"start":{"line":34,"column":2},"end":{"line":49,"column":5}},"18":{"start":{"line":35,"column":24},"end":{"line":35,"column":58}},"19":{"start":{"line":36,"column":20},"end":{"line":36,"column":74}},"20":{"start":{"line":37,"column":20},"end":{"line":37,"column":68}},"21":{"start":{"line":38,"column":21},"end":{"line":38,"column":68}},"22":{"start":{"line":39,"column":6},"end":{"line":41,"column":9}},"23":{"start":{"line":40,"column":8},"end":{"line":40,"column":25}},"24":{"start":{"line":42,"column":19},"end":{"line":42,"column":32}},"25":{"start":{"line":43,"column":19},"end":{"line":43,"column":32}},"26":{"start":{"line":44,"column":23},"end":{"line":44,"column":40}},"27":{"start":{"line":45,"column":19},"end":{"line":45,"column":34}},"28":{"start":{"line":46,"column":6},"end":{"line":48,"column":8}},"29":{"start":{"line":47,"column":8},"end":{"line":47,"column":25}},"30":{"start":{"line":52,"column":2},"end":{"line":60,"column":5}},"31":{"start":{"line":53,"column":17},"end":{"line":53,"column":30}},"32":{"start":{"line":54,"column":17},"end":{"line":54,"column":30}},"33":{"start":{"line":55,"column":21},"end":{"line":55,"column":38}},"34":{"start":{"line":56,"column":24},"end":{"line":56,"column":40}},"35":{"start":{"line":57,"column":4},"end":{"line":59,"column":6}},"36":{"start":{"line":58,"column":6},"end":{"line":58,"column":23}},"37":{"start":{"line":63,"column":2},"end":{"line":68,"column":5}},"38":{"start":{"line":64,"column":21},"end":{"line":64,"column":40}},"39":{"start":{"line":65,"column":6},"end":{"line":67,"column":8}},"40":{"start":{"line":66,"column":8},"end":{"line":66,"column":25}},"41":{"start":{"line":70,"column":2},"end":{"line":70,"column":15}},"42":{"start":{"line":74,"column":0},"end":{"line":74,"column":23}}},"fnMap":{"0":{"name":"Pledges","decl":{"start":{"line":1,"column":9},"end":{"line":1,"column":16}},"loc":{"start":{"line":1,"column":26},"end":{"line":71,"column":1}},"line":1},"1":{"name":"(anonymous_1)","decl":{"start":{"line":9,"column":29},"end":{"line":9,"column":30}},"loc":{"start":{"line":9,"column":43},"end":{"line":13,"column":3}},"line":9},"2":{"name":"(anonymous_2)","decl":{"start":{"line":10,"column":25},"end":{"line":10,"column":26}},"loc":{"start":{"line":10,"column":46},"end":{"line":12,"column":5}},"line":10},"3":{"name":"(anonymous_3)","decl":{"start":{"line":16,"column":26},"end":{"line":16,"column":27}},"loc":{"start":{"line":16,"column":46},"end":{"line":31,"column":3}},"line":16},"4":{"name":"(anonymous_4)","decl":{"start":{"line":18,"column":28},"end":{"line":18,"column":29}},"loc":{"start":{"line":18,"column":49},"end":{"line":30,"column":7}},"line":18},"5":{"name":"(anonymous_5)","decl":{"start":{"line":22,"column":42},"end":{"line":22,"column":43}},"loc":{"start":{"line":22,"column":63},"end":{"line":29,"column":9}},"line":22},"6":{"name":"(anonymous_6)","decl":{"start":{"line":34,"column":70},"end":{"line":34,"column":71}},"loc":{"start":{"line":34,"column":84},"end":{"line":49,"column":3}},"line":34},"7":{"name":"(anonymous_7)","decl":{"start":{"line":39,"column":34},"end":{"line":39,"column":35}},"loc":{"start":{"line":39,"column":49},"end":{"line":41,"column":7}},"line":39},"8":{"name":"(anonymous_8)","decl":{"start":{"line":46,"column":73},"end":{"line":46,"column":74}},"loc":{"start":{"line":46,"column":94},"end":{"line":48,"column":7}},"line":46},"9":{"name":"(anonymous_9)","decl":{"start":{"line":52,"column":38},"end":{"line":52,"column":39}},"loc":{"start":{"line":52,"column":58},"end":{"line":60,"column":3}},"line":52},"10":{"name":"(anonymous_10)","decl":{"start":{"line":57,"column":68},"end":{"line":57,"column":69}},"loc":{"start":{"line":57,"column":89},"end":{"line":59,"column":5}},"line":57},"11":{"name":"(anonymous_11)","decl":{"start":{"line":63,"column":28},"end":{"line":63,"column":29}},"loc":{"start":{"line":63,"column":48},"end":{"line":68,"column":3}},"line":63},"12":{"name":"(anonymous_12)","decl":{"start":{"line":65,"column":35},"end":{"line":65,"column":36}},"loc":{"start":{"line":65,"column":56},"end":{"line":67,"column":7}},"line":65}},"branchMap":{"0":{"loc":{"start":{"line":23,"column":10},"end":{"line":28,"column":11}},"type":"if","locations":[{"start":{"line":23,"column":10},"end":{"line":28,"column":11}},{"start":{"line":25,"column":15},"end":{"line":28,"column":11}}],"line":23}},"s":{"0":9,"1":9,"2":9,"3":9,"4":9,"5":9,"6":1,"7":1,"8":9,"9":1,"10":1,"11":1,"12":1,"13":1,"14":1,"15":0,"16":0,"17":9,"18":0,"19":0,"20":0,"21":0,"22":0,"23":0,"24":0,"25":0,"26":0,"27":0,"28":0,"29":0,"30":9,"31":1,"32":1,"33":1,"34":1,"35":1,"36":1,"37":9,"38":1,"39":1,"40":1,"41":9,"42":9},"f":{"0":9,"1":1,"2":1,"3":1,"4":1,"5":1,"6":0,"7":0,"8":0,"9":1,"10":1,"11":1,"12":1},"b":{"0":[1,0]},"_coverageSchema":"1a1c01bbd47fc00a2c39e90264f33305004495a9","hash":"2c233a5c71fd95bb2c2987b288a3c1529c6cbeb4"}
,"C:\\Users\\User\\Desktop\\student_support_system\\server\\Schedule.js": {"path":"C:\\Users\\User\\Desktop\\student_support_system\\server\\Schedule.js","statementMap":{"0":{"start":{"line":3,"column":20},"end":{"line":3,"column":38}},"1":{"start":{"line":4,"column":17},"end":{"line":4,"column":33}},"2":{"start":{"line":7,"column":4},"end":{"line":21,"column":6}},"3":{"start":{"line":9,"column":8},"end":{"line":20,"column":9}},"4":{"start":{"line":10,"column":12},"end":{"line":10,"column":27}},"5":{"start":{"line":14,"column":25},"end":{"line":14,"column":40}},"6":{"start":{"line":15,"column":28},"end":{"line":15,"column":46}},"7":{"start":{"line":16,"column":26},"end":{"line":16,"column":42}},"8":{"start":{"line":17,"column":12},"end":{"line":19,"column":14}},"9":{"start":{"line":18,"column":16},"end":{"line":18,"column":30}},"10":{"start":{"line":24,"column":4},"end":{"line":38,"column":6}},"11":{"start":{"line":25,"column":8},"end":{"line":37,"column":9}},"12":{"start":{"line":26,"column":12},"end":{"line":26,"column":27}},"13":{"start":{"line":29,"column":30},"end":{"line":29,"column":49}},"14":{"start":{"line":30,"column":22},"end":{"line":30,"column":34}},"15":{"start":{"line":31,"column":23},"end":{"line":31,"column":36}},"16":{"start":{"line":32,"column":23},"end":{"line":32,"column":36}},"17":{"start":{"line":34,"column":12},"end":{"line":36,"column":14}},"18":{"start":{"line":35,"column":16},"end":{"line":35,"column":36}},"19":{"start":{"line":41,"column":4},"end":{"line":55,"column":6}},"20":{"start":{"line":42,"column":8},"end":{"line":54,"column":9}},"21":{"start":{"line":43,"column":12},"end":{"line":43,"column":27}},"22":{"start":{"line":46,"column":30},"end":{"line":46,"column":49}},"23":{"start":{"line":47,"column":22},"end":{"line":47,"column":34}},"24":{"start":{"line":48,"column":23},"end":{"line":48,"column":36}},"25":{"start":{"line":49,"column":23},"end":{"line":49,"column":36}},"26":{"start":{"line":51,"column":12},"end":{"line":53,"column":14}},"27":{"start":{"line":52,"column":16},"end":{"line":52,"column":36}},"28":{"start":{"line":58,"column":4},"end":{"line":68,"column":6}},"29":{"start":{"line":59,"column":8},"end":{"line":67,"column":9}},"30":{"start":{"line":60,"column":12},"end":{"line":60,"column":27}},"31":{"start":{"line":63,"column":25},"end":{"line":63,"column":40}},"32":{"start":{"line":64,"column":12},"end":{"line":66,"column":14}},"33":{"start":{"line":65,"column":16},"end":{"line":65,"column":33}},"34":{"start":{"line":71,"column":4},"end":{"line":82,"column":6}},"35":{"start":{"line":72,"column":8},"end":{"line":81,"column":9}},"36":{"start":{"line":73,"column":12},"end":{"line":73,"column":27}},"37":{"start":{"line":76,"column":26},"end":{"line":76,"column":41}},"38":{"start":{"line":77,"column":30},"end":{"line":77,"column":49}},"39":{"start":{"line":78,"column":12},"end":{"line":80,"column":14}},"40":{"start":{"line":79,"column":16},"end":{"line":79,"column":30}},"41":{"start":{"line":85,"column":4},"end":{"line":95,"column":6}},"42":{"start":{"line":86,"column":8},"end":{"line":94,"column":9}},"43":{"start":{"line":87,"column":12},"end":{"line":87,"column":27}},"44":{"start":{"line":90,"column":29},"end":{"line":90,"column":48}},"45":{"start":{"line":91,"column":12},"end":{"line":93,"column":14}},"46":{"start":{"line":92,"column":16},"end":{"line":92,"column":33}},"47":{"start":{"line":97,"column":4},"end":{"line":97,"column":18}},"48":{"start":{"line":100,"column":0},"end":{"line":100,"column":24}}},"fnMap":{"0":{"name":"Schedule","decl":{"start":{"line":2,"column":9},"end":{"line":2,"column":17}},"loc":{"start":{"line":2,"column":27},"end":{"line":98,"column":1}},"line":2},"1":{"name":"(anonymous_1)","decl":{"start":{"line":7,"column":35},"end":{"line":7,"column":36}},"loc":{"start":{"line":7,"column":47},"end":{"line":21,"column":5}},"line":7},"2":{"name":"(anonymous_2)","decl":{"start":{"line":17,"column":64},"end":{"line":17,"column":65}},"loc":{"start":{"line":17,"column":85},"end":{"line":19,"column":13}},"line":17},"3":{"name":"(anonymous_3)","decl":{"start":{"line":24,"column":35},"end":{"line":24,"column":36}},"loc":{"start":{"line":24,"column":47},"end":{"line":38,"column":5}},"line":24},"4":{"name":"(anonymous_4)","decl":{"start":{"line":34,"column":65},"end":{"line":34,"column":66}},"loc":{"start":{"line":34,"column":86},"end":{"line":36,"column":13}},"line":34},"5":{"name":"(anonymous_5)","decl":{"start":{"line":41,"column":41},"end":{"line":41,"column":42}},"loc":{"start":{"line":41,"column":53},"end":{"line":55,"column":5}},"line":41},"6":{"name":"(anonymous_6)","decl":{"start":{"line":51,"column":71},"end":{"line":51,"column":72}},"loc":{"start":{"line":51,"column":92},"end":{"line":53,"column":13}},"line":51},"7":{"name":"(anonymous_7)","decl":{"start":{"line":58,"column":34},"end":{"line":58,"column":35}},"loc":{"start":{"line":58,"column":46},"end":{"line":68,"column":5}},"line":58},"8":{"name":"(anonymous_8)","decl":{"start":{"line":64,"column":43},"end":{"line":64,"column":44}},"loc":{"start":{"line":64,"column":64},"end":{"line":66,"column":13}},"line":64},"9":{"name":"(anonymous_9)","decl":{"start":{"line":71,"column":41},"end":{"line":71,"column":42}},"loc":{"start":{"line":71,"column":53},"end":{"line":82,"column":5}},"line":71},"10":{"name":"(anonymous_10)","decl":{"start":{"line":78,"column":62},"end":{"line":78,"column":63}},"loc":{"start":{"line":78,"column":83},"end":{"line":80,"column":13}},"line":78},"11":{"name":"(anonymous_11)","decl":{"start":{"line":85,"column":33},"end":{"line":85,"column":34}},"loc":{"start":{"line":85,"column":44},"end":{"line":95,"column":5}},"line":85},"12":{"name":"(anonymous_12)","decl":{"start":{"line":91,"column":46},"end":{"line":91,"column":47}},"loc":{"start":{"line":91,"column":67},"end":{"line":93,"column":13}},"line":91}},"branchMap":{"0":{"loc":{"start":{"line":9,"column":8},"end":{"line":20,"column":9}},"type":"if","locations":[{"start":{"line":9,"column":8},"end":{"line":20,"column":9}},{"start":{"line":12,"column":12},"end":{"line":20,"column":9}}],"line":9},"1":{"loc":{"start":{"line":25,"column":8},"end":{"line":37,"column":9}},"type":"if","locations":[{"start":{"line":25,"column":8},"end":{"line":37,"column":9}},{"start":{"line":28,"column":12},"end":{"line":37,"column":9}}],"line":25},"2":{"loc":{"start":{"line":42,"column":8},"end":{"line":54,"column":9}},"type":"if","locations":[{"start":{"line":42,"column":8},"end":{"line":54,"column":9}},{"start":{"line":45,"column":12},"end":{"line":54,"column":9}}],"line":42},"3":{"loc":{"start":{"line":59,"column":8},"end":{"line":67,"column":9}},"type":"if","locations":[{"start":{"line":59,"column":8},"end":{"line":67,"column":9}},{"start":{"line":62,"column":12},"end":{"line":67,"column":9}}],"line":59},"4":{"loc":{"start":{"line":72,"column":8},"end":{"line":81,"column":9}},"type":"if","locations":[{"start":{"line":72,"column":8},"end":{"line":81,"column":9}},{"start":{"line":75,"column":12},"end":{"line":81,"column":9}}],"line":72},"5":{"loc":{"start":{"line":86,"column":8},"end":{"line":94,"column":9}},"type":"if","locations":[{"start":{"line":86,"column":8},"end":{"line":94,"column":9}},{"start":{"line":89,"column":12},"end":{"line":94,"column":9}}],"line":86}},"s":{"0":9,"1":9,"2":9,"3":2,"4":1,"5":1,"6":1,"7":1,"8":1,"9":1,"10":9,"11":2,"12":1,"13":1,"14":1,"15":1,"16":1,"17":1,"18":1,"19":9,"20":2,"21":1,"22":1,"23":1,"24":1,"25":1,"26":1,"27":1,"28":9,"29":2,"30":1,"31":1,"32":1,"33":1,"34":9,"35":2,"36":1,"37":1,"38":1,"39":1,"40":1,"41":9,"42":2,"43":1,"44":1,"45":1,"46":1,"47":9,"48":9},"f":{"0":9,"1":2,"2":1,"3":2,"4":1,"5":2,"6":1,"7":2,"8":1,"9":2,"10":1,"11":2,"12":1},"b":{"0":[1,1],"1":[1,1],"2":[1,1],"3":[1,1],"4":[1,1],"5":[1,1]},"_coverageSchema":"1a1c01bbd47fc00a2c39e90264f33305004495a9","hash":"694e091dc821b3273046f972351cb099087e3eff"}
,"C:\\Users\\User\\Desktop\\student_support_system\\server\\Sessions.js": {"path":"C:\\Users\\User\\Desktop\\student_support_system\\server\\Sessions.js","statementMap":{"0":{"start":{"line":2,"column":18},"end":{"line":2,"column":36}},"1":{"start":{"line":3,"column":15},"end":{"line":3,"column":31}},"2":{"start":{"line":4,"column":17},"end":{"line":4,"column":34}},"3":{"start":{"line":5,"column":13},"end":{"line":5,"column":26}},"4":{"start":{"line":6,"column":30},"end":{"line":6,"column":77}},"5":{"start":{"line":9,"column":2},"end":{"line":29,"column":5}},"6":{"start":{"line":10,"column":4},"end":{"line":28,"column":5}},"7":{"start":{"line":11,"column":6},"end":{"line":11,"column":21}},"8":{"start":{"line":13,"column":23},"end":{"line":13,"column":40}},"9":{"start":{"line":14,"column":23},"end":{"line":14,"column":40}},"10":{"start":{"line":15,"column":25},"end":{"line":15,"column":44}},"11":{"start":{"line":16,"column":23},"end":{"line":16,"column":40}},"12":{"start":{"line":17,"column":24},"end":{"line":17,"column":42}},"13":{"start":{"line":18,"column":18},"end":{"line":18,"column":67}},"14":{"start":{"line":19,"column":6},"end":{"line":27,"column":9}},"15":{"start":{"line":20,"column":8},"end":{"line":26,"column":9}},"16":{"start":{"line":21,"column":10},"end":{"line":23,"column":12}},"17":{"start":{"line":22,"column":12},"end":{"line":22,"column":29}},"18":{"start":{"line":25,"column":10},"end":{"line":25,"column":25}},"19":{"start":{"line":32,"column":2},"end":{"line":55,"column":5}},"20":{"start":{"line":33,"column":4},"end":{"line":54,"column":5}},"21":{"start":{"line":34,"column":6},"end":{"line":34,"column":21}},"22":{"start":{"line":36,"column":17},"end":{"line":36,"column":39}},"23":{"start":{"line":37,"column":6},"end":{"line":53,"column":8}},"24":{"start":{"line":38,"column":8},"end":{"line":42,"column":9}},"25":{"start":{"line":39,"column":10},"end":{"line":39,"column":27}},"26":{"start":{"line":41,"column":10},"end":{"line":41,"column":17}},"27":{"start":{"line":43,"column":25},"end":{"line":43,"column":46}},"28":{"start":{"line":45,"column":8},"end":{"line":52,"column":11}},"29":{"start":{"line":46,"column":10},"end":{"line":51,"column":11}},"30":{"start":{"line":47,"column":12},"end":{"line":47,"column":47}},"31":{"start":{"line":48,"column":12},"end":{"line":48,"column":27}},"32":{"start":{"line":50,"column":12},"end":{"line":50,"column":27}},"33":{"start":{"line":58,"column":2},"end":{"line":96,"column":5}},"34":{"start":{"line":61,"column":4},"end":{"line":95,"column":5}},"35":{"start":{"line":62,"column":6},"end":{"line":62,"column":21}},"36":{"start":{"line":64,"column":24},"end":{"line":64,"column":42}},"37":{"start":{"line":65,"column":24},"end":{"line":65,"column":42}},"38":{"start":{"line":66,"column":24},"end":{"line":66,"column":42}},"39":{"start":{"line":67,"column":23},"end":{"line":67,"column":40}},"40":{"start":{"line":68,"column":6},"end":{"line":94,"column":11}},"41":{"start":{"line":69,"column":8},"end":{"line":94,"column":9}},"42":{"start":{"line":70,"column":28},"end":{"line":70,"column":53}},"43":{"start":{"line":71,"column":10},"end":{"line":91,"column":15}},"44":{"start":{"line":72,"column":12},"end":{"line":91,"column":13}},"45":{"start":{"line":73,"column":34},"end":{"line":73,"column":58}},"46":{"start":{"line":74,"column":32},"end":{"line":74,"column":50}},"47":{"start":{"line":75,"column":28},"end":{"line":75,"column":59}},"48":{"start":{"line":76,"column":29},"end":{"line":76,"column":45}},"49":{"start":{"line":77,"column":14},"end":{"line":80,"column":15}},"50":{"start":{"line":78,"column":16},"end":{"line":78,"column":31}},"51":{"start":{"line":79,"column":16},"end":{"line":79,"column":23}},"52":{"start":{"line":81,"column":28},"end":{"line":81,"column":78}},"53":{"start":{"line":82,"column":14},"end":{"line":88,"column":20}},"54":{"start":{"line":83,"column":16},"end":{"line":88,"column":17}},"55":{"start":{"line":84,"column":18},"end":{"line":85,"column":39}},"56":{"start":{"line":85,"column":20},"end":{"line":85,"column":37}},"57":{"start":{"line":87,"column":18},"end":{"line":87,"column":33}},"58":{"start":{"line":90,"column":14},"end":{"line":90,"column":29}},"59":{"start":{"line":93,"column":10},"end":{"line":93,"column":25}},"60":{"start":{"line":100,"column":2},"end":{"line":106,"column":5}},"61":{"start":{"line":102,"column":17},"end":{"line":102,"column":36}},"62":{"start":{"line":103,"column":6},"end":{"line":105,"column":8}},"63":{"start":{"line":104,"column":8},"end":{"line":104,"column":25}},"64":{"start":{"line":109,"column":2},"end":{"line":150,"column":5}},"65":{"start":{"line":110,"column":4},"end":{"line":149,"column":5}},"66":{"start":{"line":111,"column":6},"end":{"line":111,"column":21}},"67":{"start":{"line":113,"column":24},"end":{"line":113,"column":42}},"68":{"start":{"line":114,"column":27},"end":{"line":114,"column":43}},"69":{"start":{"line":115,"column":19},"end":{"line":115,"column":32}},"70":{"start":{"line":116,"column":19},"end":{"line":116,"column":32}},"71":{"start":{"line":117,"column":27},"end":{"line":117,"column":48}},"72":{"start":{"line":118,"column":25},"end":{"line":118,"column":44}},"73":{"start":{"line":119,"column":22},"end":{"line":119,"column":38}},"74":{"start":{"line":122,"column":6},"end":{"line":148,"column":8}},"75":{"start":{"line":123,"column":8},"end":{"line":147,"column":9}},"76":{"start":{"line":124,"column":27},"end":{"line":124,"column":33}},"77":{"start":{"line":125,"column":10},"end":{"line":144,"column":12}},"78":{"start":{"line":127,"column":12},"end":{"line":143,"column":13}},"79":{"start":{"line":129,"column":14},"end":{"line":129,"column":35}},"80":{"start":{"line":130,"column":26},"end":{"line":130,"column":76}},"81":{"start":{"line":131,"column":14},"end":{"line":139,"column":16}},"82":{"start":{"line":132,"column":16},"end":{"line":138,"column":17}},"83":{"start":{"line":133,"column":20},"end":{"line":135,"column":20}},"84":{"start":{"line":134,"column":20},"end":{"line":134,"column":37}},"85":{"start":{"line":137,"column":18},"end":{"line":137,"column":33}},"86":{"start":{"line":141,"column":14},"end":{"line":141,"column":30}},"87":{"start":{"line":142,"column":14},"end":{"line":142,"column":28}},"88":{"start":{"line":146,"column":10},"end":{"line":146,"column":24}},"89":{"start":{"line":152,"column":2},"end":{"line":156,"column":5}},"90":{"start":{"line":153,"column":4},"end":{"line":155,"column":6}},"91":{"start":{"line":154,"column":6},"end":{"line":154,"column":23}},"92":{"start":{"line":159,"column":2},"end":{"line":164,"column":5}},"93":{"start":{"line":160,"column":25},"end":{"line":160,"column":48}},"94":{"start":{"line":161,"column":6},"end":{"line":163,"column":8}},"95":{"start":{"line":162,"column":8},"end":{"line":162,"column":25}},"96":{"start":{"line":167,"column":2},"end":{"line":180,"column":5}},"97":{"start":{"line":168,"column":4},"end":{"line":179,"column":5}},"98":{"start":{"line":169,"column":6},"end":{"line":169,"column":21}},"99":{"start":{"line":171,"column":25},"end":{"line":171,"column":44}},"100":{"start":{"line":172,"column":19},"end":{"line":172,"column":32}},"101":{"start":{"line":173,"column":19},"end":{"line":173,"column":32}},"102":{"start":{"line":174,"column":27},"end":{"line":174,"column":48}},"103":{"start":{"line":176,"column":6},"end":{"line":178,"column":8}},"104":{"start":{"line":177,"column":8},"end":{"line":177,"column":25}},"105":{"start":{"line":183,"column":2},"end":{"line":189,"column":5}},"106":{"start":{"line":184,"column":24},"end":{"line":184,"column":46}},"107":{"start":{"line":185,"column":6},"end":{"line":188,"column":8}},"108":{"start":{"line":186,"column":8},"end":{"line":186,"column":25}},"109":{"start":{"line":191,"column":2},"end":{"line":195,"column":5}},"110":{"start":{"line":192,"column":4},"end":{"line":194,"column":6}},"111":{"start":{"line":193,"column":6},"end":{"line":193,"column":23}},"112":{"start":{"line":198,"column":2},"end":{"line":203,"column":5}},"113":{"start":{"line":199,"column":25},"end":{"line":199,"column":47}},"114":{"start":{"line":200,"column":6},"end":{"line":202,"column":8}},"115":{"start":{"line":201,"column":8},"end":{"line":201,"column":25}},"116":{"start":{"line":205,"column":2},"end":{"line":205,"column":16}},"117":{"start":{"line":209,"column":0},"end":{"line":209,"column":23}}},"fnMap":{"0":{"name":"Session","decl":{"start":{"line":1,"column":9},"end":{"line":1,"column":16}},"loc":{"start":{"line":1,"column":26},"end":{"line":206,"column":1}},"line":1},"1":{"name":"(anonymous_1)","decl":{"start":{"line":9,"column":29},"end":{"line":9,"column":30}},"loc":{"start":{"line":9,"column":43},"end":{"line":29,"column":3}},"line":9},"2":{"name":"(anonymous_2)","decl":{"start":{"line":19,"column":20},"end":{"line":19,"column":21}},"loc":{"start":{"line":19,"column":29},"end":{"line":27,"column":7}},"line":19},"3":{"name":"(anonymous_3)","decl":{"start":{"line":21,"column":87},"end":{"line":21,"column":88}},"loc":{"start":{"line":21,"column":108},"end":{"line":23,"column":11}},"line":21},"4":{"name":"(anonymous_4)","decl":{"start":{"line":32,"column":35},"end":{"line":32,"column":36}},"loc":{"start":{"line":32,"column":55},"end":{"line":55,"column":3}},"line":32},"5":{"name":"(anonymous_5)","decl":{"start":{"line":37,"column":36},"end":{"line":37,"column":37}},"loc":{"start":{"line":37,"column":57},"end":{"line":53,"column":7}},"line":37},"6":{"name":"(anonymous_6)","decl":{"start":{"line":45,"column":42},"end":{"line":45,"column":43}},"loc":{"start":{"line":45,"column":63},"end":{"line":52,"column":9}},"line":45},"7":{"name":"(anonymous_7)","decl":{"start":{"line":58,"column":68},"end":{"line":58,"column":69}},"loc":{"start":{"line":58,"column":82},"end":{"line":96,"column":3}},"line":58},"8":{"name":"(anonymous_8)","decl":{"start":{"line":68,"column":70},"end":{"line":68,"column":71}},"loc":{"start":{"line":68,"column":91},"end":{"line":94,"column":10}},"line":68},"9":{"name":"(anonymous_9)","decl":{"start":{"line":71,"column":51},"end":{"line":71,"column":52}},"loc":{"start":{"line":71,"column":72},"end":{"line":91,"column":14}},"line":71},"10":{"name":"(anonymous_10)","decl":{"start":{"line":82,"column":42},"end":{"line":82,"column":43}},"loc":{"start":{"line":82,"column":57},"end":{"line":88,"column":18}},"line":82},"11":{"name":"(anonymous_11)","decl":{"start":{"line":84,"column":104},"end":{"line":84,"column":105}},"loc":{"start":{"line":84,"column":125},"end":{"line":85,"column":38}},"line":84},"12":{"name":"(anonymous_12)","decl":{"start":{"line":100,"column":28},"end":{"line":100,"column":29}},"loc":{"start":{"line":100,"column":42},"end":{"line":106,"column":3}},"line":100},"13":{"name":"(anonymous_13)","decl":{"start":{"line":103,"column":29},"end":{"line":103,"column":30}},"loc":{"start":{"line":103,"column":50},"end":{"line":105,"column":7}},"line":103},"14":{"name":"(anonymous_14)","decl":{"start":{"line":109,"column":28},"end":{"line":109,"column":29}},"loc":{"start":{"line":109,"column":42},"end":{"line":150,"column":3}},"line":109},"15":{"name":"(anonymous_15)","decl":{"start":{"line":122,"column":96},"end":{"line":122,"column":97}},"loc":{"start":{"line":122,"column":117},"end":{"line":148,"column":7}},"line":122},"16":{"name":"(anonymous_16)","decl":{"start":{"line":125,"column":52},"end":{"line":125,"column":53}},"loc":{"start":{"line":125,"column":73},"end":{"line":144,"column":11}},"line":125},"17":{"name":"(anonymous_17)","decl":{"start":{"line":131,"column":28},"end":{"line":131,"column":29}},"loc":{"start":{"line":131,"column":35},"end":{"line":139,"column":15}},"line":131},"18":{"name":"(anonymous_18)","decl":{"start":{"line":133,"column":66},"end":{"line":133,"column":67}},"loc":{"start":{"line":133,"column":87},"end":{"line":135,"column":19}},"line":133},"19":{"name":"(anonymous_19)","decl":{"start":{"line":152,"column":26},"end":{"line":152,"column":27}},"loc":{"start":{"line":152,"column":40},"end":{"line":156,"column":3}},"line":152},"20":{"name":"(anonymous_20)","decl":{"start":{"line":153,"column":23},"end":{"line":153,"column":24}},"loc":{"start":{"line":153,"column":44},"end":{"line":155,"column":5}},"line":153},"21":{"name":"(anonymous_21)","decl":{"start":{"line":159,"column":28},"end":{"line":159,"column":29}},"loc":{"start":{"line":159,"column":42},"end":{"line":164,"column":3}},"line":159},"22":{"name":"(anonymous_22)","decl":{"start":{"line":161,"column":37},"end":{"line":161,"column":38}},"loc":{"start":{"line":161,"column":58},"end":{"line":163,"column":7}},"line":161},"23":{"name":"(anonymous_23)","decl":{"start":{"line":167,"column":28},"end":{"line":167,"column":29}},"loc":{"start":{"line":167,"column":42},"end":{"line":180,"column":3}},"line":167},"24":{"name":"(anonymous_24)","decl":{"start":{"line":176,"column":64},"end":{"line":176,"column":65}},"loc":{"start":{"line":176,"column":85},"end":{"line":178,"column":7}},"line":176},"25":{"name":"(anonymous_25)","decl":{"start":{"line":183,"column":28},"end":{"line":183,"column":29}},"loc":{"start":{"line":183,"column":42},"end":{"line":189,"column":3}},"line":183},"26":{"name":"(anonymous_26)","decl":{"start":{"line":185,"column":38},"end":{"line":185,"column":39}},"loc":{"start":{"line":185,"column":59},"end":{"line":188,"column":7}},"line":185},"27":{"name":"(anonymous_27)","decl":{"start":{"line":191,"column":32},"end":{"line":191,"column":33}},"loc":{"start":{"line":191,"column":46},"end":{"line":195,"column":3}},"line":191},"28":{"name":"(anonymous_28)","decl":{"start":{"line":192,"column":28},"end":{"line":192,"column":29}},"loc":{"start":{"line":192,"column":49},"end":{"line":194,"column":5}},"line":192},"29":{"name":"(anonymous_29)","decl":{"start":{"line":198,"column":32},"end":{"line":198,"column":33}},"loc":{"start":{"line":198,"column":46},"end":{"line":203,"column":3}},"line":198},"30":{"name":"(anonymous_30)","decl":{"start":{"line":200,"column":42},"end":{"line":200,"column":43}},"loc":{"start":{"line":200,"column":63},"end":{"line":202,"column":7}},"line":200}},"branchMap":{"0":{"loc":{"start":{"line":10,"column":4},"end":{"line":28,"column":5}},"type":"if","locations":[{"start":{"line":10,"column":4},"end":{"line":28,"column":5}},{"start":{"line":12,"column":9},"end":{"line":28,"column":5}}],"line":10},"1":{"loc":{"start":{"line":20,"column":8},"end":{"line":26,"column":9}},"type":"if","locations":[{"start":{"line":20,"column":8},"end":{"line":26,"column":9}},{"start":{"line":24,"column":13},"end":{"line":26,"column":9}}],"line":20},"2":{"loc":{"start":{"line":33,"column":4},"end":{"line":54,"column":5}},"type":"if","locations":[{"start":{"line":33,"column":4},"end":{"line":54,"column":5}},{"start":{"line":35,"column":9},"end":{"line":54,"column":5}}],"line":33},"3":{"loc":{"start":{"line":38,"column":8},"end":{"line":42,"column":9}},"type":"if","locations":[{"start":{"line":38,"column":8},"end":{"line":42,"column":9}},{"start":{},"end":{}}],"line":38},"4":{"loc":{"start":{"line":46,"column":10},"end":{"line":51,"column":11}},"type":"if","locations":[{"start":{"line":46,"column":10},"end":{"line":51,"column":11}},{"start":{"line":49,"column":15},"end":{"line":51,"column":11}}],"line":46},"5":{"loc":{"start":{"line":61,"column":4},"end":{"line":95,"column":5}},"type":"if","locations":[{"start":{"line":61,"column":4},"end":{"line":95,"column":5}},{"start":{"line":63,"column":9},"end":{"line":95,"column":5}}],"line":61},"6":{"loc":{"start":{"line":69,"column":8},"end":{"line":94,"column":9}},"type":"if","locations":[{"start":{"line":69,"column":8},"end":{"line":94,"column":9}},{"start":{"line":92,"column":13},"end":{"line":94,"column":9}}],"line":69},"7":{"loc":{"start":{"line":72,"column":12},"end":{"line":91,"column":13}},"type":"if","locations":[{"start":{"line":72,"column":12},"end":{"line":91,"column":13}},{"start":{"line":89,"column":17},"end":{"line":91,"column":13}}],"line":72},"8":{"loc":{"start":{"line":77,"column":14},"end":{"line":80,"column":15}},"type":"if","locations":[{"start":{"line":77,"column":14},"end":{"line":80,"column":15}},{"start":{},"end":{}}],"line":77},"9":{"loc":{"start":{"line":83,"column":16},"end":{"line":88,"column":17}},"type":"if","locations":[{"start":{"line":83,"column":16},"end":{"line":88,"column":17}},{"start":{"line":86,"column":21},"end":{"line":88,"column":17}}],"line":83},"10":{"loc":{"start":{"line":110,"column":4},"end":{"line":149,"column":5}},"type":"if","locations":[{"start":{"line":110,"column":4},"end":{"line":149,"column":5}},{"start":{"line":112,"column":9},"end":{"line":149,"column":5}}],"line":110},"11":{"loc":{"start":{"line":123,"column":8},"end":{"line":147,"column":9}},"type":"if","locations":[{"start":{"line":123,"column":8},"end":{"line":147,"column":9}},{"start":{"line":145,"column":13},"end":{"line":147,"column":9}}],"line":123},"12":{"loc":{"start":{"line":127,"column":12},"end":{"line":143,"column":13}},"type":"if","locations":[{"start":{"line":127,"column":12},"end":{"line":143,"column":13}},{"start":{"line":140,"column":17},"end":{"line":143,"column":13}}],"line":127},"13":{"loc":{"start":{"line":132,"column":16},"end":{"line":138,"column":17}},"type":"if","locations":[{"start":{"line":132,"column":16},"end":{"line":138,"column":17}},{"start":{"line":136,"column":21},"end":{"line":138,"column":17}}],"line":132},"14":{"loc":{"start":{"line":168,"column":4},"end":{"line":179,"column":5}},"type":"if","locations":[{"start":{"line":168,"column":4},"end":{"line":179,"column":5}},{"start":{"line":170,"column":9},"end":{"line":179,"column":5}}],"line":168}},"s":{"0":9,"1":9,"2":9,"3":9,"4":9,"5":9,"6":2,"7":1,"8":1,"9":1,"10":1,"11":1,"12":1,"13":1,"14":1,"15":1,"16":0,"17":0,"18":1,"19":9,"20":2,"21":1,"22":1,"23":1,"24":1,"25":0,"26":0,"27":1,"28":1,"29":1,"30":0,"31":0,"32":1,"33":9,"34":2,"35":1,"36":1,"37":1,"38":1,"39":1,"40":1,"41":1,"42":1,"43":1,"44":1,"45":1,"46":1,"47":1,"48":1,"49":1,"50":1,"51":1,"52":0,"53":0,"54":0,"55":0,"56":0,"57":0,"58":0,"59":0,"60":9,"61":1,"62":1,"63":1,"64":9,"65":2,"66":1,"67":1,"68":1,"69":1,"70":1,"71":1,"72":1,"73":1,"74":1,"75":1,"76":1,"77":1,"78":1,"79":1,"80":1,"81":1,"82":1,"83":0,"84":0,"85":1,"86":0,"87":0,"88":0,"89":9,"90":0,"91":0,"92":9,"93":1,"94":1,"95":1,"96":9,"97":2,"98":1,"99":1,"100":1,"101":1,"102":1,"103":1,"104":1,"105":9,"106":1,"107":1,"108":1,"109":9,"110":1,"111":1,"112":9,"113":1,"114":1,"115":1,"116":9,"117":9},"f":{"0":9,"1":2,"2":1,"3":0,"4":2,"5":1,"6":1,"7":2,"8":1,"9":1,"10":0,"11":0,"12":1,"13":1,"14":2,"15":1,"16":1,"17":1,"18":0,"19":0,"20":0,"21":1,"22":1,"23":2,"24":1,"25":1,"26":1,"27":1,"28":1,"29":1,"30":1},"b":{"0":[1,1],"1":[0,1],"2":[1,1],"3":[0,1],"4":[0,1],"5":[1,1],"6":[1,0],"7":[1,0],"8":[1,0],"9":[0,0],"10":[1,1],"11":[1,0],"12":[1,0],"13":[0,1],"14":[1,1]},"_coverageSchema":"1a1c01bbd47fc00a2c39e90264f33305004495a9","hash":"8204869ee31fb2fabdd45c52a7c5e88a4d1e1311"}
,"C:\\Users\\User\\Desktop\\student_support_system\\server\\index.js": {"path":"C:\\Users\\User\\Desktop\\student_support_system\\server\\index.js","statementMap":{"0":{"start":{"line":2,"column":20},"end":{"line":2,"column":38}},"1":{"start":{"line":4,"column":16},"end":{"line":4,"column":25}},"2":{"start":{"line":5,"column":23},"end":{"line":5,"column":45}},"3":{"start":{"line":6,"column":17},"end":{"line":6,"column":32}},"4":{"start":{"line":7,"column":23},"end":{"line":7,"column":44}},"5":{"start":{"line":8,"column":19},"end":{"line":8,"column":36}},"6":{"start":{"line":9,"column":31},"end":{"line":9,"column":82}},"7":{"start":{"line":10,"column":32},"end":{"line":10,"column":79}},"8":{"start":{"line":11,"column":15},"end":{"line":11,"column":28}},"9":{"start":{"line":12,"column":24},"end":{"line":12,"column":39}},"10":{"start":{"line":13,"column":30},"end":{"line":13,"column":68}},"11":{"start":{"line":17,"column":4},"end":{"line":17,"column":20}},"12":{"start":{"line":18,"column":4},"end":{"line":18,"column":28}},"13":{"start":{"line":19,"column":4},"end":{"line":19,"column":55}},"14":{"start":{"line":22,"column":16},"end":{"line":22,"column":34}},"15":{"start":{"line":23,"column":4},"end":{"line":23,"column":34}},"16":{"start":{"line":31,"column":21},"end":{"line":31,"column":44}},"17":{"start":{"line":32,"column":4},"end":{"line":32,"column":39}},"18":{"start":{"line":36,"column":25},"end":{"line":36,"column":52}},"19":{"start":{"line":37,"column":4},"end":{"line":37,"column":42}},"20":{"start":{"line":41,"column":18},"end":{"line":41,"column":38}},"21":{"start":{"line":42,"column":4},"end":{"line":42,"column":36}},"22":{"start":{"line":46,"column":18},"end":{"line":46,"column":38}},"23":{"start":{"line":47,"column":4},"end":{"line":47,"column":36}},"24":{"start":{"line":51,"column":24},"end":{"line":51,"column":50}},"25":{"start":{"line":52,"column":4},"end":{"line":52,"column":42}},"26":{"start":{"line":56,"column":19},"end":{"line":56,"column":40}},"27":{"start":{"line":57,"column":4},"end":{"line":57,"column":37}},"28":{"start":{"line":61,"column":20},"end":{"line":61,"column":42}},"29":{"start":{"line":62,"column":4},"end":{"line":62,"column":38}},"30":{"start":{"line":66,"column":19},"end":{"line":66,"column":40}},"31":{"start":{"line":67,"column":4},"end":{"line":67,"column":37}},"32":{"start":{"line":69,"column":4},"end":{"line":69,"column":14}},"33":{"start":{"line":72,"column":0},"end":{"line":72,"column":20}}},"fnMap":{"0":{"name":"App","decl":{"start":{"line":1,"column":9},"end":{"line":1,"column":12}},"loc":{"start":{"line":1,"column":22},"end":{"line":70,"column":1}},"line":1}},"branchMap":{},"s":{"0":9,"1":9,"2":9,"3":9,"4":9,"5":9,"6":9,"7":9,"8":9,"9":9,"10":9,"11":9,"12":9,"13":9,"14":9,"15":9,"16":9,"17":9,"18":9,"19":9,"20":9,"21":9,"22":9,"23":9,"24":9,"25":9,"26":9,"27":9,"28":9,"29":9,"30":9,"31":9,"32":9,"33":9},"f":{"0":9},"b":{},"_coverageSchema":"1a1c01bbd47fc00a2c39e90264f33305004495a9","hash":"c51cb0532c289eb8efa7d9d120c62696dd5ba566"}
,"C:\\Users\\User\\Desktop\\student_support_system\\server\\logOffence.js": {"path":"C:\\Users\\User\\Desktop\\student_support_system\\server\\logOffence.js","statementMap":{"0":{"start":{"line":1,"column":17},"end":{"line":1,"column":35}},"1":{"start":{"line":4,"column":18},"end":{"line":4,"column":36}},"2":{"start":{"line":5,"column":15},"end":{"line":5,"column":31}},"3":{"start":{"line":7,"column":17},"end":{"line":7,"column":34}},"4":{"start":{"line":8,"column":28},"end":{"line":8,"column":66}},"5":{"start":{"line":9,"column":13},"end":{"line":9,"column":26}},"6":{"start":{"line":10,"column":21},"end":{"line":10,"column":42}},"7":{"start":{"line":13,"column":22},"end":{"line":22,"column":8}},"8":{"start":{"line":26,"column":20},"end":{"line":34,"column":3}},"9":{"start":{"line":35,"column":2},"end":{"line":43,"column":5}},"10":{"start":{"line":36,"column":4},"end":{"line":42,"column":5}},"11":{"start":{"line":38,"column":6},"end":{"line":38,"column":15}},"12":{"start":{"line":40,"column":6},"end":{"line":40,"column":52}},"13":{"start":{"line":41,"column":6},"end":{"line":41,"column":15}},"14":{"start":{"line":47,"column":2},"end":{"line":81,"column":5}},"15":{"start":{"line":49,"column":6},"end":{"line":80,"column":5}},"16":{"start":{"line":50,"column":8},"end":{"line":50,"column":23}},"17":{"start":{"line":52,"column":27},"end":{"line":52,"column":48}},"18":{"start":{"line":53,"column":26},"end":{"line":53,"column":46}},"19":{"start":{"line":54,"column":29},"end":{"line":54,"column":52}},"20":{"start":{"line":55,"column":26},"end":{"line":55,"column":46}},"21":{"start":{"line":56,"column":27},"end":{"line":56,"column":48}},"22":{"start":{"line":57,"column":26},"end":{"line":57,"column":46}},"23":{"start":{"line":58,"column":28},"end":{"line":58,"column":50}},"24":{"start":{"line":60,"column":6},"end":{"line":60,"column":28}},"25":{"start":{"line":61,"column":6},"end":{"line":79,"column":9}},"26":{"start":{"line":62,"column":8},"end":{"line":78,"column":9}},"27":{"start":{"line":63,"column":22},"end":{"line":63,"column":58}},"28":{"start":{"line":64,"column":10},"end":{"line":76,"column":13}},"29":{"start":{"line":65,"column":12},"end":{"line":75,"column":13}},"30":{"start":{"line":66,"column":14},"end":{"line":66,"column":29}},"31":{"start":{"line":68,"column":14},"end":{"line":74,"column":17}},"32":{"start":{"line":69,"column":16},"end":{"line":73,"column":17}},"33":{"start":{"line":70,"column":18},"end":{"line":70,"column":41}},"34":{"start":{"line":72,"column":18},"end":{"line":72,"column":63}},"35":{"start":{"line":84,"column":2},"end":{"line":133,"column":5}},"36":{"start":{"line":86,"column":6},"end":{"line":132,"column":7}},"37":{"start":{"line":87,"column":8},"end":{"line":87,"column":23}},"38":{"start":{"line":89,"column":29},"end":{"line":89,"column":50}},"39":{"start":{"line":90,"column":28},"end":{"line":90,"column":48}},"40":{"start":{"line":91,"column":31},"end":{"line":91,"column":54}},"41":{"start":{"line":92,"column":28},"end":{"line":92,"column":48}},"42":{"start":{"line":93,"column":29},"end":{"line":93,"column":50}},"43":{"start":{"line":94,"column":28},"end":{"line":94,"column":48}},"44":{"start":{"line":95,"column":30},"end":{"line":95,"column":52}},"45":{"start":{"line":98,"column":8},"end":{"line":98,"column":30}},"46":{"start":{"line":99,"column":8},"end":{"line":131,"column":10}},"47":{"start":{"line":100,"column":10},"end":{"line":130,"column":11}},"48":{"start":{"line":101,"column":24},"end":{"line":101,"column":60}},"49":{"start":{"line":102,"column":12},"end":{"line":106,"column":15}},"50":{"start":{"line":103,"column":14},"end":{"line":105,"column":15}},"51":{"start":{"line":104,"column":16},"end":{"line":104,"column":26}},"52":{"start":{"line":108,"column":12},"end":{"line":111,"column":15}},"53":{"start":{"line":109,"column":14},"end":{"line":109,"column":31}},"54":{"start":{"line":110,"column":14},"end":{"line":110,"column":37}},"55":{"start":{"line":121,"column":12},"end":{"line":127,"column":15}},"56":{"start":{"line":122,"column":14},"end":{"line":126,"column":15}},"57":{"start":{"line":123,"column":16},"end":{"line":123,"column":39}},"58":{"start":{"line":125,"column":16},"end":{"line":125,"column":61}},"59":{"start":{"line":129,"column":12},"end":{"line":129,"column":27}},"60":{"start":{"line":135,"column":2},"end":{"line":135,"column":16}},"61":{"start":{"line":140,"column":0},"end":{"line":140,"column":26}}},"fnMap":{"0":{"name":"LogOffence","decl":{"start":{"line":3,"column":9},"end":{"line":3,"column":19}},"loc":{"start":{"line":3,"column":29},"end":{"line":136,"column":1}},"line":3},"1":{"name":"sendMail","decl":{"start":{"line":25,"column":9},"end":{"line":25,"column":17}},"loc":{"start":{"line":25,"column":44},"end":{"line":44,"column":1}},"line":25},"2":{"name":"(anonymous_2)","decl":{"start":{"line":35,"column":36},"end":{"line":35,"column":37}},"loc":{"start":{"line":35,"column":60},"end":{"line":43,"column":3}},"line":35},"3":{"name":"(anonymous_3)","decl":{"start":{"line":47,"column":35},"end":{"line":47,"column":36}},"loc":{"start":{"line":47,"column":49},"end":{"line":81,"column":3}},"line":47},"4":{"name":"(anonymous_4)","decl":{"start":{"line":61,"column":138},"end":{"line":61,"column":139}},"loc":{"start":{"line":61,"column":159},"end":{"line":79,"column":7}},"line":61},"5":{"name":"(anonymous_5)","decl":{"start":{"line":64,"column":30},"end":{"line":64,"column":31}},"loc":{"start":{"line":64,"column":39},"end":{"line":76,"column":11}},"line":64},"6":{"name":"(anonymous_6)","decl":{"start":{"line":68,"column":56},"end":{"line":68,"column":57}},"loc":{"start":{"line":68,"column":77},"end":{"line":74,"column":15}},"line":68},"7":{"name":"(anonymous_7)","decl":{"start":{"line":84,"column":63},"end":{"line":84,"column":64}},"loc":{"start":{"line":84,"column":77},"end":{"line":133,"column":3}},"line":84},"8":{"name":"(anonymous_8)","decl":{"start":{"line":99,"column":135},"end":{"line":99,"column":136}},"loc":{"start":{"line":99,"column":156},"end":{"line":131,"column":9}},"line":99},"9":{"name":"(anonymous_9)","decl":{"start":{"line":102,"column":32},"end":{"line":102,"column":33}},"loc":{"start":{"line":102,"column":41},"end":{"line":106,"column":13}},"line":102},"10":{"name":"(anonymous_10)","decl":{"start":{"line":108,"column":45},"end":{"line":108,"column":46}},"loc":{"start":{"line":108,"column":60},"end":{"line":111,"column":13}},"line":108},"11":{"name":"(anonymous_11)","decl":{"start":{"line":121,"column":54},"end":{"line":121,"column":55}},"loc":{"start":{"line":121,"column":75},"end":{"line":127,"column":13}},"line":121}},"branchMap":{"0":{"loc":{"start":{"line":36,"column":4},"end":{"line":42,"column":5}},"type":"if","locations":[{"start":{"line":36,"column":4},"end":{"line":42,"column":5}},{"start":{"line":39,"column":11},"end":{"line":42,"column":5}}],"line":36},"1":{"loc":{"start":{"line":49,"column":6},"end":{"line":80,"column":5}},"type":"if","locations":[{"start":{"line":49,"column":6},"end":{"line":80,"column":5}},{"start":{"line":51,"column":11},"end":{"line":80,"column":5}}],"line":49},"2":{"loc":{"start":{"line":62,"column":8},"end":{"line":78,"column":9}},"type":"if","locations":[{"start":{"line":62,"column":8},"end":{"line":78,"column":9}},{"start":{},"end":{}}],"line":62},"3":{"loc":{"start":{"line":65,"column":12},"end":{"line":75,"column":13}},"type":"if","locations":[{"start":{"line":65,"column":12},"end":{"line":75,"column":13}},{"start":{"line":67,"column":17},"end":{"line":75,"column":13}}],"line":65},"4":{"loc":{"start":{"line":69,"column":16},"end":{"line":73,"column":17}},"type":"if","locations":[{"start":{"line":69,"column":16},"end":{"line":73,"column":17}},{"start":{"line":71,"column":21},"end":{"line":73,"column":17}}],"line":69},"5":{"loc":{"start":{"line":86,"column":6},"end":{"line":132,"column":7}},"type":"if","locations":[{"start":{"line":86,"column":6},"end":{"line":132,"column":7}},{"start":{"line":88,"column":11},"end":{"line":132,"column":7}}],"line":86},"6":{"loc":{"start":{"line":100,"column":10},"end":{"line":130,"column":11}},"type":"if","locations":[{"start":{"line":100,"column":10},"end":{"line":130,"column":11}},{"start":{"line":128,"column":15},"end":{"line":130,"column":11}}],"line":100},"7":{"loc":{"start":{"line":103,"column":14},"end":{"line":105,"column":15}},"type":"if","locations":[{"start":{"line":103,"column":14},"end":{"line":105,"column":15}},{"start":{},"end":{}}],"line":103},"8":{"loc":{"start":{"line":122,"column":14},"end":{"line":126,"column":15}},"type":"if","locations":[{"start":{"line":122,"column":14},"end":{"line":126,"column":15}},{"start":{"line":124,"column":19},"end":{"line":126,"column":15}}],"line":122}},"s":{"0":9,"1":9,"2":9,"3":9,"4":9,"5":9,"6":9,"7":9,"8":2,"9":2,"10":0,"11":0,"12":0,"13":0,"14":9,"15":2,"16":1,"17":1,"18":1,"19":1,"20":1,"21":1,"22":1,"23":1,"24":1,"25":1,"26":1,"27":1,"28":1,"29":1,"30":0,"31":1,"32":1,"33":0,"34":1,"35":9,"36":2,"37":1,"38":1,"39":1,"40":1,"41":1,"42":1,"43":1,"44":1,"45":1,"46":1,"47":1,"48":1,"49":1,"50":1,"51":0,"52":1,"53":1,"54":1,"55":1,"56":1,"57":0,"58":1,"59":0,"60":9,"61":9},"f":{"0":9,"1":2,"2":0,"3":2,"4":1,"5":1,"6":1,"7":2,"8":1,"9":1,"10":1,"11":1},"b":{"0":[0,0],"1":[1,1],"2":[1,0],"3":[0,1],"4":[0,1],"5":[1,1],"6":[1,0],"7":[0,1],"8":[0,1]},"_coverageSchema":"1a1c01bbd47fc00a2c39e90264f33305004495a9","hash":"3aacb8b1e557a6fb6a5e09615d1bcda8ceb45e7b"}
,"C:\\Users\\User\\Desktop\\student_support_system\\server\\login.js": {"path":"C:\\Users\\User\\Desktop\\student_support_system\\server\\login.js","statementMap":{"0":{"start":{"line":2,"column":18},"end":{"line":2,"column":36}},"1":{"start":{"line":3,"column":15},"end":{"line":3,"column":31}},"2":{"start":{"line":5,"column":2},"end":{"line":19,"column":5}},"3":{"start":{"line":6,"column":4},"end":{"line":18,"column":5}},"4":{"start":{"line":7,"column":6},"end":{"line":7,"column":21}},"5":{"start":{"line":9,"column":25},"end":{"line":9,"column":44}},"6":{"start":{"line":11,"column":28},"end":{"line":11,"column":50}},"7":{"start":{"line":13,"column":6},"end":{"line":15,"column":9}},"8":{"start":{"line":14,"column":8},"end":{"line":14,"column":25}},"9":{"start":{"line":21,"column":2},"end":{"line":37,"column":5}},"10":{"start":{"line":22,"column":4},"end":{"line":36,"column":5}},"11":{"start":{"line":23,"column":6},"end":{"line":23,"column":21}},"12":{"start":{"line":25,"column":25},"end":{"line":25,"column":44}},"13":{"start":{"line":27,"column":6},"end":{"line":33,"column":9}},"14":{"start":{"line":28,"column":8},"end":{"line":32,"column":9}},"15":{"start":{"line":29,"column":10},"end":{"line":29,"column":25}},"16":{"start":{"line":31,"column":8},"end":{"line":31,"column":25}},"17":{"start":{"line":40,"column":2},"end":{"line":40,"column":16}},"18":{"start":{"line":43,"column":0},"end":{"line":43,"column":22}}},"fnMap":{"0":{"name":"Login","decl":{"start":{"line":1,"column":9},"end":{"line":1,"column":14}},"loc":{"start":{"line":1,"column":24},"end":{"line":41,"column":1}},"line":1},"1":{"name":"(anonymous_1)","decl":{"start":{"line":5,"column":24},"end":{"line":5,"column":25}},"loc":{"start":{"line":5,"column":38},"end":{"line":19,"column":3}},"line":5},"2":{"name":"(anonymous_2)","decl":{"start":{"line":13,"column":48},"end":{"line":13,"column":49}},"loc":{"start":{"line":13,"column":69},"end":{"line":15,"column":7}},"line":13},"3":{"name":"(anonymous_3)","decl":{"start":{"line":21,"column":28},"end":{"line":21,"column":29}},"loc":{"start":{"line":21,"column":42},"end":{"line":37,"column":3}},"line":21},"4":{"name":"(anonymous_4)","decl":{"start":{"line":27,"column":37},"end":{"line":27,"column":38}},"loc":{"start":{"line":27,"column":58},"end":{"line":33,"column":7}},"line":27}},"branchMap":{"0":{"loc":{"start":{"line":6,"column":4},"end":{"line":18,"column":5}},"type":"if","locations":[{"start":{"line":6,"column":4},"end":{"line":18,"column":5}},{"start":{"line":8,"column":9},"end":{"line":18,"column":5}}],"line":6},"1":{"loc":{"start":{"line":22,"column":4},"end":{"line":36,"column":5}},"type":"if","locations":[{"start":{"line":22,"column":4},"end":{"line":36,"column":5}},{"start":{"line":24,"column":9},"end":{"line":36,"column":5}}],"line":22},"2":{"loc":{"start":{"line":28,"column":8},"end":{"line":32,"column":9}},"type":"if","locations":[{"start":{"line":28,"column":8},"end":{"line":32,"column":9}},{"start":{"line":30,"column":13},"end":{"line":32,"column":9}}],"line":28}},"s":{"0":9,"1":9,"2":9,"3":3,"4":2,"5":1,"6":1,"7":1,"8":1,"9":9,"10":2,"11":1,"12":1,"13":1,"14":1,"15":0,"16":1,"17":9,"18":9},"f":{"0":9,"1":3,"2":1,"3":2,"4":1},"b":{"0":[2,1],"1":[1,1],"2":[0,1]},"_coverageSchema":"1a1c01bbd47fc00a2c39e90264f33305004495a9","hash":"e57ef2d9a1906c20442b02546115ed6ad5e99838"}
,"C:\\Users\\User\\Desktop\\student_support_system\\server\\manageOffences.js": {"path":"C:\\Users\\User\\Desktop\\student_support_system\\server\\manageOffences.js","statementMap":{"0":{"start":{"line":4,"column":18},"end":{"line":4,"column":36}},"1":{"start":{"line":5,"column":15},"end":{"line":5,"column":31}},"2":{"start":{"line":9,"column":2},"end":{"line":13,"column":5}},"3":{"start":{"line":10,"column":6},"end":{"line":12,"column":8}},"4":{"start":{"line":11,"column":8},"end":{"line":11,"column":25}},"5":{"start":{"line":16,"column":2},"end":{"line":25,"column":5}},"6":{"start":{"line":17,"column":4},"end":{"line":24,"column":5}},"7":{"start":{"line":18,"column":6},"end":{"line":18,"column":21}},"8":{"start":{"line":20,"column":22},"end":{"line":20,"column":38}},"9":{"start":{"line":21,"column":6},"end":{"line":23,"column":9}},"10":{"start":{"line":22,"column":8},"end":{"line":22,"column":25}},"11":{"start":{"line":28,"column":2},"end":{"line":33,"column":4}},"12":{"start":{"line":29,"column":6},"end":{"line":31,"column":9}},"13":{"start":{"line":30,"column":8},"end":{"line":30,"column":25}},"14":{"start":{"line":36,"column":2},"end":{"line":40,"column":5}},"15":{"start":{"line":37,"column":4},"end":{"line":39,"column":6}},"16":{"start":{"line":38,"column":6},"end":{"line":38,"column":23}},"17":{"start":{"line":43,"column":2},"end":{"line":54,"column":5}},"18":{"start":{"line":44,"column":6},"end":{"line":53,"column":7}},"19":{"start":{"line":45,"column":8},"end":{"line":45,"column":23}},"20":{"start":{"line":47,"column":28},"end":{"line":47,"column":48}},"21":{"start":{"line":48,"column":25},"end":{"line":48,"column":42}},"22":{"start":{"line":49,"column":21},"end":{"line":49,"column":34}},"23":{"start":{"line":50,"column":8},"end":{"line":52,"column":10}},"24":{"start":{"line":51,"column":10},"end":{"line":51,"column":27}},"25":{"start":{"line":57,"column":2},"end":{"line":62,"column":5}},"26":{"start":{"line":58,"column":24},"end":{"line":58,"column":46}},"27":{"start":{"line":59,"column":6},"end":{"line":61,"column":8}},"28":{"start":{"line":60,"column":8},"end":{"line":60,"column":25}},"29":{"start":{"line":65,"column":2},"end":{"line":70,"column":5}},"30":{"start":{"line":66,"column":24},"end":{"line":66,"column":42}},"31":{"start":{"line":67,"column":6},"end":{"line":69,"column":8}},"32":{"start":{"line":68,"column":8},"end":{"line":68,"column":25}},"33":{"start":{"line":73,"column":2},"end":{"line":81,"column":5}},"34":{"start":{"line":74,"column":26},"end":{"line":74,"column":46}},"35":{"start":{"line":75,"column":23},"end":{"line":75,"column":40}},"36":{"start":{"line":76,"column":19},"end":{"line":76,"column":32}},"37":{"start":{"line":77,"column":24},"end":{"line":77,"column":42}},"38":{"start":{"line":78,"column":6},"end":{"line":80,"column":8}},"39":{"start":{"line":79,"column":8},"end":{"line":79,"column":25}},"40":{"start":{"line":83,"column":2},"end":{"line":83,"column":16}},"41":{"start":{"line":86,"column":0},"end":{"line":86,"column":30}}},"fnMap":{"0":{"name":"manageOffences","decl":{"start":{"line":1,"column":9},"end":{"line":1,"column":23}},"loc":{"start":{"line":1,"column":33},"end":{"line":84,"column":1}},"line":1},"1":{"name":"(anonymous_1)","decl":{"start":{"line":9,"column":34},"end":{"line":9,"column":35}},"loc":{"start":{"line":9,"column":48},"end":{"line":13,"column":3}},"line":9},"2":{"name":"(anonymous_2)","decl":{"start":{"line":10,"column":32},"end":{"line":10,"column":33}},"loc":{"start":{"line":10,"column":53},"end":{"line":12,"column":7}},"line":10},"3":{"name":"(anonymous_3)","decl":{"start":{"line":16,"column":36},"end":{"line":16,"column":37}},"loc":{"start":{"line":16,"column":50},"end":{"line":25,"column":3}},"line":16},"4":{"name":"(anonymous_4)","decl":{"start":{"line":21,"column":41},"end":{"line":21,"column":42}},"loc":{"start":{"line":21,"column":64},"end":{"line":23,"column":7}},"line":21},"5":{"name":"(anonymous_5)","decl":{"start":{"line":28,"column":39},"end":{"line":28,"column":40}},"loc":{"start":{"line":28,"column":53},"end":{"line":32,"column":5}},"line":28},"6":{"name":"(anonymous_6)","decl":{"start":{"line":29,"column":36},"end":{"line":29,"column":37}},"loc":{"start":{"line":29,"column":59},"end":{"line":31,"column":7}},"line":29},"7":{"name":"(anonymous_7)","decl":{"start":{"line":36,"column":26},"end":{"line":36,"column":27}},"loc":{"start":{"line":36,"column":40},"end":{"line":40,"column":3}},"line":36},"8":{"name":"(anonymous_8)","decl":{"start":{"line":37,"column":30},"end":{"line":37,"column":31}},"loc":{"start":{"line":37,"column":51},"end":{"line":39,"column":5}},"line":37},"9":{"name":"(anonymous_9)","decl":{"start":{"line":43,"column":25},"end":{"line":43,"column":26}},"loc":{"start":{"line":43,"column":39},"end":{"line":54,"column":3}},"line":43},"10":{"name":"(anonymous_10)","decl":{"start":{"line":50,"column":53},"end":{"line":50,"column":54}},"loc":{"start":{"line":50,"column":74},"end":{"line":52,"column":9}},"line":50},"11":{"name":"(anonymous_11)","decl":{"start":{"line":57,"column":31},"end":{"line":57,"column":32}},"loc":{"start":{"line":57,"column":45},"end":{"line":62,"column":3}},"line":57},"12":{"name":"(anonymous_12)","decl":{"start":{"line":59,"column":40},"end":{"line":59,"column":41}},"loc":{"start":{"line":59,"column":61},"end":{"line":61,"column":7}},"line":59},"13":{"name":"(anonymous_13)","decl":{"start":{"line":65,"column":25},"end":{"line":65,"column":26}},"loc":{"start":{"line":65,"column":39},"end":{"line":70,"column":3}},"line":65},"14":{"name":"(anonymous_14)","decl":{"start":{"line":67,"column":40},"end":{"line":67,"column":41}},"loc":{"start":{"line":67,"column":61},"end":{"line":69,"column":7}},"line":67},"15":{"name":"(anonymous_15)","decl":{"start":{"line":73,"column":25},"end":{"line":73,"column":26}},"loc":{"start":{"line":73,"column":39},"end":{"line":81,"column":3}},"line":73},"16":{"name":"(anonymous_16)","decl":{"start":{"line":78,"column":62},"end":{"line":78,"column":63}},"loc":{"start":{"line":78,"column":83},"end":{"line":80,"column":7}},"line":78}},"branchMap":{"0":{"loc":{"start":{"line":17,"column":4},"end":{"line":24,"column":5}},"type":"if","locations":[{"start":{"line":17,"column":4},"end":{"line":24,"column":5}},{"start":{"line":19,"column":9},"end":{"line":24,"column":5}}],"line":17},"1":{"loc":{"start":{"line":44,"column":6},"end":{"line":53,"column":7}},"type":"if","locations":[{"start":{"line":44,"column":6},"end":{"line":53,"column":7}},{"start":{"line":46,"column":11},"end":{"line":53,"column":7}}],"line":44}},"s":{"0":9,"1":9,"2":9,"3":1,"4":1,"5":9,"6":2,"7":1,"8":1,"9":1,"10":1,"11":9,"12":1,"13":1,"14":9,"15":0,"16":0,"17":9,"18":2,"19":1,"20":1,"21":1,"22":1,"23":1,"24":1,"25":9,"26":1,"27":1,"28":1,"29":9,"30":1,"31":1,"32":1,"33":9,"34":1,"35":1,"36":1,"37":1,"38":1,"39":1,"40":9,"41":9},"f":{"0":9,"1":1,"2":1,"3":2,"4":1,"5":1,"6":1,"7":0,"8":0,"9":2,"10":1,"11":1,"12":1,"13":1,"14":1,"15":1,"16":1},"b":{"0":[1,1],"1":[1,1]},"_coverageSchema":"1a1c01bbd47fc00a2c39e90264f33305004495a9","hash":"edfa0cfc572ef24eb2dea79d3586fc5f384beb32"}
}
