TN:
SF:sum.js
FN:1,sum
FNF:1
FNH:1
FNDA:1,sum
DA:2,1
DA:5,1
LF:2
LH:2
BRF:0
BRH:0
end_of_record
TN:
SF:client\src\menu\button\button.jsx
FN:5,Btn
FN:8,(anonymous_1)
FNF:2
FNH:1
FNDA:1,Btn
FNDA:0,(anonymous_1)
DA:6,1
DA:8,0
LF:2
LH:1
BRF:0
BRH:0
end_of_record
TN:
SF:client\src\menu\createTest\createTest.jsx
FN:6,CreateTest
FN:14,(anonymous_1)
FN:15,(anonymous_2)
FN:20,(anonymous_3)
FN:27,(anonymous_4)
FN:36,(anonymous_5)
FN:39,(anonymous_6)
FN:42,(anonymous_7)
FN:45,(anonymous_8)
FN:48,(anonymous_9)
FNF:10
FNH:2
FNDA:2,CreateTest
FNDA:1,(anonymous_1)
FNDA:0,(anonymous_2)
FNDA:0,(anonymous_3)
FNDA:0,(anonymous_4)
FNDA:0,(anonymous_5)
FNDA:0,(anonymous_6)
FNDA:0,(anonymous_7)
FNDA:0,(anonymous_8)
FNDA:0,(anonymous_9)
DA:7,2
DA:8,1
DA:9,1
DA:10,1
DA:11,1
DA:14,1
DA:15,1
DA:16,0
DA:20,1
DA:21,0
DA:28,0
DA:32,1
DA:36,0
DA:39,0
DA:42,0
DA:46,0
DA:49,0
LF:17
LH:9
BRF:0
BRH:0
end_of_record
