TN:
SF:sum.js
FN:1,sum
FNF:1
FNH:1
FNDA:1,sum
DA:2,1
DA:5,1
LF:2
LH:2
BRF:0
BRH:0
end_of_record
TN:
SF:client\src\menu\button\button.jsx
FN:5,Btn
FN:8,(anonymous_1)
FNF:2
FNH:1
FNDA:3,Btn
FNDA:0,(anonymous_1)
DA:6,3
DA:8,0
LF:2
LH:1
BRF:0
BRH:0
end_of_record
TN:
SF:server\Actions.js
FN:1,Actions
FN:7,(anonymous_1)
FN:10,(anonymous_2)
FN:16,(anonymous_3)
FN:18,(anonymous_4)
FNF:5
FNH:1
FNDA:1,Actions
FNDA:0,(anonymous_1)
FNDA:0,(anonymous_2)
FNDA:0,(anonymous_3)
FNDA:0,(anonymous_4)
DA:2,1
DA:3,1
DA:7,1
DA:8,0
DA:10,0
DA:11,0
DA:16,1
DA:17,0
DA:18,0
DA:19,0
DA:23,1
DA:27,1
LF:12
LH:6
BRF:0
BRH:0
end_of_record
TN:
SF:server\Checklist.js
FN:1,Checklist
FN:7,(anonymous_1)
FN:8,(anonymous_2)
FN:14,(anonymous_3)
FN:21,(anonymous_4)
FN:28,(anonymous_5)
FN:34,(anonymous_6)
FN:41,(anonymous_7)
FN:42,(anonymous_8)
FN:48,(anonymous_9)
FN:53,(anonymous_10)
FN:60,(anonymous_11)
FN:69,(anonymous_12)
FN:76,(anonymous_13)
FN:83,(anonymous_14)
FN:90,(anonymous_15)
FN:91,(anonymous_16)
FN:97,(anonymous_17)
FN:105,(anonymous_18)
FN:112,(anonymous_19)
FN:117,(anonymous_20)
FNF:21
FNH:17
FNDA:1,Checklist
FNDA:1,(anonymous_1)
FNDA:1,(anonymous_2)
FNDA:2,(anonymous_3)
FNDA:1,(anonymous_4)
FNDA:2,(anonymous_5)
FNDA:1,(anonymous_6)
FNDA:1,(anonymous_7)
FNDA:1,(anonymous_8)
FNDA:2,(anonymous_9)
FNDA:1,(anonymous_10)
FNDA:2,(anonymous_11)
FNDA:1,(anonymous_12)
FNDA:2,(anonymous_13)
FNDA:1,(anonymous_14)
FNDA:0,(anonymous_15)
FNDA:0,(anonymous_16)
FNDA:2,(anonymous_17)
FNDA:1,(anonymous_18)
FNDA:0,(anonymous_19)
FNDA:0,(anonymous_20)
DA:3,1
DA:4,1
DA:7,1
DA:8,1
DA:9,1
DA:14,1
DA:15,2
DA:16,1
DA:18,1
DA:19,1
DA:20,1
DA:21,1
DA:22,1
DA:28,1
DA:29,2
DA:30,1
DA:32,1
DA:33,1
DA:34,1
DA:35,1
DA:41,1
DA:42,1
DA:43,1
DA:48,1
DA:49,2
DA:50,1
DA:52,1
DA:53,1
DA:54,1
DA:60,1
DA:61,2
DA:62,1
DA:64,1
DA:65,1
DA:66,1
DA:67,1
DA:69,1
DA:70,1
DA:76,1
DA:77,2
DA:78,1
DA:80,1
DA:81,1
DA:82,1
DA:83,1
DA:84,1
DA:90,1
DA:91,0
DA:92,0
DA:97,1
DA:98,2
DA:99,1
DA:101,1
DA:102,1
DA:103,1
DA:104,1
DA:105,1
DA:106,1
DA:112,1
DA:113,0
DA:114,0
DA:116,0
DA:117,0
DA:118,0
DA:123,1
DA:125,1
LF:66
LH:59
BRDA:15,0,0,1
BRDA:15,0,1,1
BRDA:29,1,0,1
BRDA:29,1,1,1
BRDA:49,2,0,1
BRDA:49,2,1,1
BRDA:61,3,0,1
BRDA:61,3,1,1
BRDA:77,4,0,1
BRDA:77,4,1,1
BRDA:98,5,0,1
BRDA:98,5,1,1
BRDA:113,6,0,0
BRDA:113,6,1,0
BRF:14
BRH:12
end_of_record
TN:
SF:server\Investigation.js
FN:1,investigation
FN:22,sendMail
FN:23,(anonymous_2)
FN:39,(anonymous_3)
FN:53,(anonymous_4)
FN:62,(anonymous_5)
FN:75,(anonymous_6)
FN:77,(anonymous_7)
FN:83,(anonymous_8)
FN:85,(anonymous_9)
FN:91,(anonymous_10)
FN:93,(anonymous_11)
FN:99,(anonymous_12)
FN:107,(anonymous_13)
FN:114,(anonymous_14)
FN:120,(anonymous_15)
FN:127,(anonymous_16)
FN:133,(anonymous_17)
FN:140,(anonymous_18)
FN:153,(anonymous_19)
FN:161,(anonymous_20)
FN:172,(anonymous_21)
FN:184,(anonymous_22)
FN:190,(anonymous_23)
FN:197,(anonymous_24)
FN:205,(anonymous_25)
FN:217,(anonymous_26)
FN:229,(anonymous_27)
FN:230,(anonymous_28)
FNF:29
FNH:23
FNDA:1,investigation
FNDA:3,sendMail
FNDA:3,(anonymous_2)
FNDA:2,(anonymous_3)
FNDA:2,(anonymous_4)
FNDA:0,(anonymous_5)
FNDA:1,(anonymous_6)
FNDA:1,(anonymous_7)
FNDA:1,(anonymous_8)
FNDA:1,(anonymous_9)
FNDA:1,(anonymous_10)
FNDA:1,(anonymous_11)
FNDA:2,(anonymous_12)
FNDA:1,(anonymous_13)
FNDA:2,(anonymous_14)
FNDA:1,(anonymous_15)
FNDA:2,(anonymous_16)
FNDA:1,(anonymous_17)
FNDA:1,(anonymous_18)
FNDA:4,(anonymous_19)
FNDA:2,(anonymous_20)
FNDA:2,(anonymous_21)
FNDA:0,(anonymous_22)
FNDA:0,(anonymous_23)
FNDA:0,(anonymous_24)
FNDA:0,(anonymous_25)
FNDA:0,(anonymous_26)
FNDA:1,(anonymous_27)
FNDA:1,(anonymous_28)
DA:2,1
DA:3,1
DA:4,1
DA:5,1
DA:6,1
DA:7,1
DA:10,1
DA:23,3
DA:24,3
DA:25,3
DA:26,3
DA:27,3
DA:29,0
DA:30,0
DA:32,0
DA:33,0
DA:39,1
DA:40,2
DA:41,1
DA:43,1
DA:44,1
DA:45,1
DA:46,0
DA:47,0
DA:53,1
DA:54,2
DA:55,1
DA:57,1
DA:58,1
DA:59,1
DA:60,1
DA:61,0
DA:62,0
DA:63,0
DA:64,0
DA:65,0
DA:66,0
DA:75,1
DA:76,1
DA:77,1
DA:78,1
DA:83,1
DA:84,1
DA:85,1
DA:86,1
DA:91,1
DA:92,1
DA:93,1
DA:94,1
DA:99,1
DA:100,2
DA:101,1
DA:103,1
DA:104,1
DA:105,1
DA:106,1
DA:107,1
DA:108,1
DA:114,1
DA:115,2
DA:116,1
DA:118,1
DA:119,1
DA:120,1
DA:121,1
DA:127,1
DA:128,2
DA:129,1
DA:131,1
DA:133,1
DA:134,1
DA:140,1
DA:141,1
DA:142,0
DA:144,1
DA:153,1
DA:154,4
DA:155,2
DA:157,2
DA:158,2
DA:159,2
DA:161,2
DA:162,2
DA:172,2
DA:173,2
DA:174,0
DA:176,2
DA:184,1
DA:186,0
DA:187,0
DA:188,0
DA:189,0
DA:190,0
DA:191,0
DA:192,0
DA:197,1
DA:198,0
DA:199,0
DA:201,0
DA:202,0
DA:203,0
DA:205,0
DA:207,0
DA:217,0
DA:218,0
DA:219,0
DA:221,0
DA:229,1
DA:230,1
DA:231,1
DA:235,1
DA:238,1
LF:112
LH:80
BRDA:24,0,0,3
BRDA:24,0,1,0
BRDA:25,1,0,3
BRDA:25,1,1,0
BRDA:40,2,0,1
BRDA:40,2,1,1
BRDA:54,3,0,1
BRDA:54,3,1,1
BRDA:100,4,0,1
BRDA:100,4,1,1
BRDA:115,5,0,1
BRDA:115,5,1,1
BRDA:128,6,0,1
BRDA:128,6,1,1
BRDA:141,7,0,0
BRDA:141,7,1,1
BRDA:154,8,0,2
BRDA:154,8,1,2
BRDA:173,9,0,0
BRDA:173,9,1,2
BRDA:198,10,0,0
BRDA:198,10,1,0
BRDA:218,11,0,0
BRDA:218,11,1,0
BRF:24
BRH:16
end_of_record
TN:
SF:server\Pledges.js
FN:1,Pledges
FN:9,(anonymous_1)
FN:10,(anonymous_2)
FN:16,(anonymous_3)
FN:18,(anonymous_4)
FN:25,(anonymous_5)
FN:33,(anonymous_6)
FN:38,(anonymous_7)
FN:45,(anonymous_8)
FN:51,(anonymous_9)
FN:55,(anonymous_10)
FN:61,(anonymous_11)
FN:63,(anonymous_12)
FNF:13
FNH:1
FNDA:1,Pledges
FNDA:0,(anonymous_1)
FNDA:0,(anonymous_2)
FNDA:0,(anonymous_3)
FNDA:0,(anonymous_4)
FNDA:0,(anonymous_5)
FNDA:0,(anonymous_6)
FNDA:0,(anonymous_7)
FNDA:0,(anonymous_8)
FNDA:0,(anonymous_9)
FNDA:0,(anonymous_10)
FNDA:0,(anonymous_11)
FNDA:0,(anonymous_12)
DA:2,1
DA:3,1
DA:4,1
DA:5,1
DA:6,1
DA:9,1
DA:10,0
DA:11,0
DA:16,1
DA:17,0
DA:18,0
DA:19,0
DA:21,0
DA:22,0
DA:25,0
DA:26,0
DA:27,0
DA:33,1
DA:34,0
DA:35,0
DA:36,0
DA:37,0
DA:38,0
DA:39,0
DA:41,0
DA:42,0
DA:43,0
DA:44,0
DA:45,0
DA:46,0
DA:51,1
DA:52,0
DA:53,0
DA:54,0
DA:55,0
DA:56,0
DA:61,1
DA:62,0
DA:63,0
DA:64,0
DA:68,1
DA:72,1
LF:42
LH:12
BRDA:21,0,0,0
BRDA:21,0,1,0
BRF:2
BRH:0
end_of_record
TN:
SF:server\Sessions.js
FN:1,Session
FN:9,(anonymous_1)
FN:19,(anonymous_2)
FN:21,(anonymous_3)
FN:33,(anonymous_4)
FN:38,(anonymous_5)
FN:46,(anonymous_6)
FN:59,(anonymous_7)
FN:69,(anonymous_8)
FN:72,(anonymous_9)
FN:80,(anonymous_10)
FN:82,(anonymous_11)
FN:102,(anonymous_12)
FN:105,(anonymous_13)
FN:111,(anonymous_14)
FN:123,(anonymous_15)
FN:128,(anonymous_16)
FN:134,(anonymous_17)
FN:136,(anonymous_18)
FN:158,(anonymous_19)
FN:159,(anonymous_20)
FN:165,(anonymous_21)
FN:167,(anonymous_22)
FN:173,(anonymous_23)
FN:182,(anonymous_24)
FN:189,(anonymous_25)
FN:191,(anonymous_26)
FN:196,(anonymous_27)
FN:197,(anonymous_28)
FN:203,(anonymous_29)
FN:205,(anonymous_30)
FNF:31
FNH:17
FNDA:1,Session
FNDA:2,(anonymous_1)
FNDA:0,(anonymous_2)
FNDA:0,(anonymous_3)
FNDA:2,(anonymous_4)
FNDA:1,(anonymous_5)
FNDA:1,(anonymous_6)
FNDA:2,(anonymous_7)
FNDA:1,(anonymous_8)
FNDA:1,(anonymous_9)
FNDA:0,(anonymous_10)
FNDA:0,(anonymous_11)
FNDA:1,(anonymous_12)
FNDA:1,(anonymous_13)
FNDA:2,(anonymous_14)
FNDA:1,(anonymous_15)
FNDA:1,(anonymous_16)
FNDA:1,(anonymous_17)
FNDA:1,(anonymous_18)
FNDA:0,(anonymous_19)
FNDA:0,(anonymous_20)
FNDA:0,(anonymous_21)
FNDA:0,(anonymous_22)
FNDA:2,(anonymous_23)
FNDA:1,(anonymous_24)
FNDA:0,(anonymous_25)
FNDA:0,(anonymous_26)
FNDA:0,(anonymous_27)
FNDA:0,(anonymous_28)
FNDA:0,(anonymous_29)
FNDA:0,(anonymous_30)
DA:2,1
DA:3,1
DA:4,1
DA:5,1
DA:6,1
DA:9,1
DA:10,2
DA:11,2
DA:13,0
DA:14,0
DA:15,0
DA:16,0
DA:17,0
DA:18,0
DA:19,0
DA:20,0
DA:21,0
DA:22,0
DA:25,0
DA:33,1
DA:34,2
DA:35,1
DA:37,1
DA:38,1
DA:39,1
DA:40,0
DA:41,0
DA:42,0
DA:44,1
DA:46,1
DA:47,1
DA:48,0
DA:49,0
DA:51,1
DA:59,1
DA:62,2
DA:63,1
DA:65,1
DA:66,1
DA:67,1
DA:68,1
DA:69,1
DA:70,1
DA:71,1
DA:72,1
DA:73,1
DA:74,0
DA:76,0
DA:77,0
DA:78,0
DA:79,0
DA:80,0
DA:81,0
DA:82,0
DA:83,0
DA:86,0
DA:90,1
DA:94,0
DA:102,1
DA:104,1
DA:105,1
DA:106,1
DA:111,1
DA:112,2
DA:113,1
DA:115,1
DA:116,1
DA:117,1
DA:118,1
DA:119,1
DA:120,1
DA:121,1
DA:123,1
DA:124,1
DA:125,1
DA:126,1
DA:128,1
DA:129,1
DA:130,1
DA:132,1
DA:133,1
DA:134,1
DA:135,1
DA:136,1
DA:137,1
DA:140,0
DA:144,0
DA:145,0
DA:150,0
DA:158,1
DA:159,0
DA:160,0
DA:165,1
DA:166,0
DA:167,0
DA:168,0
DA:173,1
DA:174,2
DA:175,1
DA:177,1
DA:178,1
DA:179,1
DA:180,1
DA:182,1
DA:183,1
DA:189,1
DA:190,0
DA:191,0
DA:192,0
DA:196,1
DA:197,0
DA:198,0
DA:203,1
DA:204,0
DA:205,0
DA:206,0
DA:210,1
DA:214,1
LF:118
LH:74
BRDA:10,0,0,2
BRDA:10,0,1,0
BRDA:20,1,0,0
BRDA:20,1,1,0
BRDA:34,2,0,1
BRDA:34,2,1,1
BRDA:39,3,0,0
BRDA:39,3,1,1
BRDA:47,4,0,0
BRDA:47,4,1,1
BRDA:62,5,0,1
BRDA:62,5,1,1
BRDA:70,6,0,1
BRDA:70,6,1,0
BRDA:73,7,0,0
BRDA:73,7,1,1
BRDA:81,8,0,0
BRDA:81,8,1,0
BRDA:112,9,0,1
BRDA:112,9,1,1
BRDA:124,10,0,1
BRDA:124,10,1,0
BRDA:129,11,0,1
BRDA:129,11,1,0
BRDA:135,12,0,1
BRDA:135,12,1,0
BRDA:174,13,0,1
BRDA:174,13,1,1
BRF:28
BRH:16
end_of_record
TN:
SF:server\index.js
FN:1,App
FNF:1
FNH:1
FNDA:1,App
DA:2,1
DA:4,1
DA:5,1
DA:6,1
DA:7,1
DA:8,1
DA:9,1
DA:10,1
DA:11,1
DA:12,1
DA:13,1
DA:17,1
DA:18,1
DA:19,1
DA:22,1
DA:23,1
DA:31,1
DA:32,1
DA:36,1
DA:37,1
DA:41,1
DA:42,1
DA:46,1
DA:47,1
DA:51,1
DA:52,1
DA:56,1
DA:57,1
DA:61,1
DA:62,1
DA:64,1
DA:67,1
LF:32
LH:32
BRF:0
BRH:0
end_of_record
TN:
SF:server\logOffence.js
FN:3,LogOffence
FN:25,sendMail
FN:35,(anonymous_2)
FN:47,(anonymous_3)
FN:61,(anonymous_4)
FN:64,(anonymous_5)
FN:68,(anonymous_6)
FN:84,(anonymous_7)
FN:99,(anonymous_8)
FN:102,(anonymous_9)
FN:112,(anonymous_10)
FN:117,(anonymous_11)
FNF:12
FNH:6
FNDA:1,LogOffence
FNDA:0,sendMail
FNDA:0,(anonymous_2)
FNDA:2,(anonymous_3)
FNDA:1,(anonymous_4)
FNDA:1,(anonymous_5)
FNDA:0,(anonymous_6)
FNDA:2,(anonymous_7)
FNDA:1,(anonymous_8)
FNDA:0,(anonymous_9)
FNDA:0,(anonymous_10)
FNDA:0,(anonymous_11)
DA:1,1
DA:4,1
DA:5,1
DA:7,1
DA:8,1
DA:9,1
DA:10,1
DA:13,1
DA:26,0
DA:35,0
DA:36,0
DA:38,0
DA:40,0
DA:41,0
DA:47,1
DA:49,2
DA:50,1
DA:52,1
DA:53,1
DA:54,1
DA:55,1
DA:56,1
DA:57,1
DA:58,1
DA:61,1
DA:62,1
DA:63,1
DA:64,1
DA:65,1
DA:66,1
DA:68,0
DA:69,0
DA:70,0
DA:72,0
DA:84,1
DA:86,2
DA:87,1
DA:89,1
DA:90,1
DA:91,1
DA:92,1
DA:93,1
DA:94,1
DA:95,1
DA:99,1
DA:100,1
DA:101,0
DA:102,0
DA:103,0
DA:104,0
DA:109,0
DA:110,0
DA:111,0
DA:112,0
DA:113,0
DA:117,0
DA:118,0
DA:119,0
DA:121,0
DA:125,1
DA:131,1
DA:136,1
LF:62
LH:39
BRDA:36,0,0,0
BRDA:36,0,1,0
BRDA:49,1,0,1
BRDA:49,1,1,1
BRDA:62,2,0,1
BRDA:62,2,1,0
BRDA:65,3,0,1
BRDA:65,3,1,0
BRDA:69,4,0,0
BRDA:69,4,1,0
BRDA:86,5,0,1
BRDA:86,5,1,1
BRDA:100,6,0,0
BRDA:100,6,1,1
BRDA:103,7,0,0
BRDA:103,7,1,0
BRDA:118,8,0,0
BRDA:118,8,1,0
BRF:18
BRH:7
end_of_record
TN:
SF:server\login.js
FN:1,Login
FN:5,(anonymous_1)
FN:13,(anonymous_2)
FNF:3
FNH:3
FNDA:1,Login
FNDA:3,(anonymous_1)
FNDA:1,(anonymous_2)
DA:2,1
DA:3,1
DA:5,1
DA:6,3
DA:7,2
DA:9,1
DA:11,1
DA:13,1
DA:14,1
DA:22,1
DA:25,1
LF:11
LH:11
BRDA:6,0,0,2
BRDA:6,0,1,1
BRF:2
BRH:2
end_of_record
TN:
SF:server\manageOffences.js
FN:1,manageOffences
FN:9,(anonymous_1)
FN:10,(anonymous_2)
FN:16,(anonymous_3)
FN:17,(anonymous_4)
FN:23,(anonymous_5)
FN:24,(anonymous_6)
FN:30,(anonymous_7)
FN:37,(anonymous_8)
FN:44,(anonymous_9)
FN:46,(anonymous_10)
FN:52,(anonymous_11)
FN:54,(anonymous_12)
FN:60,(anonymous_13)
FN:65,(anonymous_14)
FNF:15
FNH:7
FNDA:1,manageOffences
FNDA:1,(anonymous_1)
FNDA:1,(anonymous_2)
FNDA:1,(anonymous_3)
FNDA:1,(anonymous_4)
FNDA:0,(anonymous_5)
FNDA:0,(anonymous_6)
FNDA:2,(anonymous_7)
FNDA:1,(anonymous_8)
FNDA:0,(anonymous_9)
FNDA:0,(anonymous_10)
FNDA:0,(anonymous_11)
FNDA:0,(anonymous_12)
FNDA:0,(anonymous_13)
FNDA:0,(anonymous_14)
DA:4,1
DA:5,1
DA:9,1
DA:10,1
DA:11,1
DA:16,1
DA:17,1
DA:18,1
DA:23,1
DA:24,0
DA:25,0
DA:30,1
DA:31,2
DA:32,1
DA:34,1
DA:35,1
DA:36,1
DA:37,1
DA:38,1
DA:44,1
DA:45,0
DA:46,0
DA:47,0
DA:52,1
DA:53,0
DA:54,0
DA:55,0
DA:60,1
DA:61,0
DA:62,0
DA:63,0
DA:64,0
DA:65,0
DA:66,0
DA:70,1
DA:73,1
LF:36
LH:22
BRDA:31,0,0,1
BRDA:31,0,1,1
BRF:2
BRH:2
end_of_record
